2026-03-01T10:23:58.0182193Z ##[group]Run ./gradlew assembleRelease
2026-03-01T10:23:58.0182532Z [36;1m./gradlew assembleRelease[0m
2026-03-01T10:23:58.0231246Z shell: /usr/bin/bash -e {0}
2026-03-01T10:23:58.0231497Z env:
2026-03-01T10:23:58.0231789Z   JAVA_HOME: /opt/hostedtoolcache/Java_Temurin-Hotspot_jdk/17.0.18-8/x64
2026-03-01T10:23:58.0232256Z   JAVA_HOME_17_X64: /opt/hostedtoolcache/Java_Temurin-Hotspot_jdk/17.0.18-8/x64
2026-03-01T10:23:58.0232788Z   ANDROID_HOME: /usr/local/lib/android/sdk
2026-03-01T10:23:58.0233078Z   ANDROID_SDK_ROOT: /usr/local/lib/android/sdk
2026-03-01T10:23:58.0233390Z   GRADLE_ACTION_ID: gradle/actions/setup-gradle
2026-03-01T10:23:58.0233677Z   GRADLE_USER_HOME: /home/runner/.gradle
2026-03-01T10:23:58.0233956Z   GRADLE_BUILD_ACTION_SETUP_COMPLETED: true
2026-03-01T10:23:58.0234234Z   GRADLE_BUILD_ACTION_CACHE_RESTORED: true
2026-03-01T10:23:58.0234647Z   DEVELOCITY_INJECTION_INIT_SCRIPT_NAME: gradle-actions.inject-develocity.init.gradle
2026-03-01T10:23:58.0235107Z   DEVELOCITY_INJECTION_CUSTOM_VALUE: gradle-actions
2026-03-01T10:23:58.0235424Z   GITHUB_DEPENDENCY_GRAPH_ENABLED: false
2026-03-01T10:23:58.0235692Z   KEYSTORE_FILE: app/release-keystore.jks
2026-03-01T10:23:58.0236080Z   KEYSTORE_PASSWORD: ***
2026-03-01T10:23:58.0236324Z   KEY_ALIAS: ***
2026-03-01T10:23:58.0236548Z   KEY_PASSWORD: ***
2026-03-01T10:23:58.0236747Z ##[endgroup]
2026-03-01T10:23:59.0430530Z 
2026-03-01T10:23:59.0431090Z > Configure project :app
2026-03-01T10:23:59.0431639Z === Signing Configuration ===
2026-03-01T10:23:59.0432197Z KEYSTORE_FILE env: app/release-keystore.jks
2026-03-01T10:23:59.0457951Z Resolved keystore: /home/runner/work/Auto.js.HYB1996/Auto.js.HYB1996/app/release-keystore.jks
2026-03-01T10:23:59.0466989Z KEYSTORE_PASSWORD set: YES
2026-03-01T10:23:59.0487405Z KEY_ALIAS: ***
2026-03-01T10:23:59.0488846Z Use release signing: true
2026-03-01T10:23:59.0489301Z ==============================
2026-03-01T10:23:59.0490379Z WARNING:: Using flatDir should be avoided because it doesn't support any meta-data formats.
2026-03-01T10:23:59.0491047Z 
2026-03-01T10:23:59.0491285Z > Configure project :autojs
2026-03-01T10:23:59.0492154Z WARNING:: Using flatDir should be avoided because it doesn't support any meta-data formats.
2026-03-01T10:23:59.1398013Z 
2026-03-01T10:23:59.1398675Z > Configure project :automator
2026-03-01T10:23:59.1407565Z WARNING:: Using flatDir should be avoided because it doesn't support any meta-data formats.
2026-03-01T10:23:59.3405957Z 
2026-03-01T10:23:59.3407100Z > Configure project :inrt
2026-03-01T10:23:59.3408271Z WARNING:: Using flatDir should be avoided because it doesn't support any meta-data formats.
2026-03-01T10:24:05.4397336Z 
2026-03-01T10:24:05.4403957Z > Task :apkbuilder:preBuild UP-TO-DATE
2026-03-01T10:24:05.4424013Z > Task :apkbuilder:preReleaseBuild UP-TO-DATE
2026-03-01T10:24:05.4425054Z > Task :apkbuilder:compileReleaseAidl NO-SOURCE
2026-03-01T10:24:05.4428944Z > Task :apkbuilder:mergeReleaseJniLibFolders
2026-03-01T10:24:05.4429997Z > Task :apkbuilder:mergeReleaseNativeLibs NO-SOURCE
2026-03-01T10:24:05.4430988Z > Task :apkbuilder:stripReleaseDebugSymbols NO-SOURCE
2026-03-01T10:24:05.4431787Z > Task :apkbuilder:copyReleaseJniLibsProjectAndLocalJars
2026-03-01T10:24:05.4432569Z > Task :apkbuilder:compileReleaseRenderscript NO-SOURCE
2026-03-01T10:24:05.4433275Z > Task :apkbuilder:generateReleaseBuildConfig
2026-03-01T10:24:05.4433863Z > Task :apkbuilder:generateReleaseResValues
2026-03-01T10:24:05.4434435Z > Task :apkbuilder:generateReleaseResources
2026-03-01T10:24:05.4435007Z > Task :apkbuilder:packageReleaseResources
2026-03-01T10:24:05.4435577Z > Task :apkbuilder:parseReleaseLocalResources
2026-03-01T10:24:05.4438374Z > Task :apkbuilder:mergeReleaseShaders
2026-03-01T10:24:05.4438969Z > Task :apkbuilder:processReleaseManifest
2026-03-01T10:24:05.4439618Z > Task :apkbuilder:compileReleaseShaders NO-SOURCE
2026-03-01T10:24:05.4440499Z > Task :apkbuilder:generateReleaseAssets UP-TO-DATE
2026-03-01T10:24:05.4441136Z > Task :apkbuilder:packageReleaseAssets
2026-03-01T10:24:05.4442364Z > Task :apkbuilder:packageReleaseRenderscript NO-SOURCE
2026-03-01T10:24:05.4443012Z > Task :apkbuilder:generateReleaseRFile
2026-03-01T10:24:05.5417998Z > Task :apkbuilder:prepareLintJarForPublish UP-TO-DATE
2026-03-01T10:24:05.5418816Z > Task :apkbuilder:processReleaseJavaRes NO-SOURCE
2026-03-01T10:24:05.5419468Z > Task :apkbuilder:writeReleaseAarMetadata
2026-03-01T10:24:05.6413961Z > Task :apkbuilder:kaptGenerateStubsReleaseKotlin
2026-03-01T10:24:05.8397287Z > Task :apkbuilder:mergeReleaseResources
2026-03-01T10:24:05.9401413Z > Task :apkbuilder:kaptReleaseKotlin
2026-03-01T10:24:06.0421564Z > Task :app:preBuild UP-TO-DATE
2026-03-01T10:24:06.0422828Z > Task :app:preCommonReleaseBuild UP-TO-DATE
2026-03-01T10:24:06.0423805Z > Task :autojs:preBuild UP-TO-DATE
2026-03-01T10:24:06.0424628Z > Task :autojs:preReleaseBuild UP-TO-DATE
2026-03-01T10:24:06.0425576Z > Task :automator:preBuild UP-TO-DATE
2026-03-01T10:24:06.0426413Z > Task :automator:preReleaseBuild UP-TO-DATE
2026-03-01T10:24:06.0427196Z > Task :common:preBuild UP-TO-DATE
2026-03-01T10:24:06.0427965Z > Task :common:preReleaseBuild UP-TO-DATE
2026-03-01T10:24:06.0428740Z > Task :common:compileReleaseAidl NO-SOURCE
2026-03-01T10:24:06.0429583Z > Task :automator:compileReleaseAidl NO-SOURCE
2026-03-01T10:24:06.0430757Z > Task :autojs:compileReleaseAidl NO-SOURCE
2026-03-01T10:24:06.0431645Z > Task :app:compileCommonReleaseAidl NO-SOURCE
2026-03-01T10:24:06.0432635Z > Task :autojs:packageReleaseRenderscript NO-SOURCE
2026-03-01T10:24:06.0433656Z > Task :automator:packageReleaseRenderscript NO-SOURCE
2026-03-01T10:24:06.0434634Z > Task :common:packageReleaseRenderscript NO-SOURCE
2026-03-01T10:24:06.0435581Z > Task :app:compileCommonReleaseRenderscript NO-SOURCE
2026-03-01T10:24:06.0436511Z > Task :app:generateCommonReleaseBuildConfig
2026-03-01T10:24:06.1440276Z > Task :autojs:writeReleaseAarMetadata
2026-03-01T10:24:06.1441543Z > Task :apkbuilder:compileReleaseLibraryResources
2026-03-01T10:24:06.1442487Z > Task :automator:writeReleaseAarMetadata
2026-03-01T10:24:06.1449433Z > Task :common:writeReleaseAarMetadata
2026-03-01T10:24:06.1450744Z > Task :app:generateCommonReleaseResValues
2026-03-01T10:24:06.1451609Z > Task :app:generateCommonReleaseResources
2026-03-01T10:24:06.1452616Z > Task :autojs:compileReleaseRenderscript NO-SOURCE
2026-03-01T10:24:06.1454093Z > Task :autojs:generateReleaseResValues
2026-03-01T10:24:06.1454833Z > Task :autojs:generateReleaseResources
2026-03-01T10:24:06.1455662Z > Task :app:checkCommonReleaseAarMetadata
2026-03-01T10:24:06.6407515Z aapt2 W 03-01 10:24:06  3453  3453 LoadedArsc.cpp:682] Unknown chunk type '200'.
2026-03-01T10:24:06.6412684Z 
2026-03-01T10:24:06.6416942Z > Task :apkbuilder:verifyReleaseResources
2026-03-01T10:24:06.8403237Z > Task :autojs:packageReleaseResources
2026-03-01T10:24:06.8404719Z > Task :automator:compileReleaseRenderscript NO-SOURCE
2026-03-01T10:24:06.8405819Z > Task :automator:generateReleaseResValues
2026-03-01T10:24:06.8406867Z > Task :automator:generateReleaseResources
2026-03-01T10:24:06.8407836Z > Task :automator:packageReleaseResources
2026-03-01T10:24:06.8408758Z > Task :common:compileReleaseRenderscript NO-SOURCE
2026-03-01T10:24:06.8409648Z > Task :common:generateReleaseResValues
2026-03-01T10:24:06.8410808Z > Task :common:generateReleaseResources
2026-03-01T10:24:06.9428467Z > Task :common:packageReleaseResources
2026-03-01T10:24:07.2399887Z 
2026-03-01T10:24:07.2440953Z > Task :apkbuilder:compileReleaseKotlin
2026-03-01T10:24:07.2452343Z ##[warning]w: /home/runner/work/Auto.js.HYB1996/Auto.js.HYB1996/apkbuilder/src/main/java/zhao/arsceditor/ArscUtil.kt: (71, 9): Parameter 'resType' is never used
2026-03-01T10:24:07.2455582Z ##[warning]w: /home/runner/work/Auto.js.HYB1996/Auto.js.HYB1996/apkbuilder/src/main/java/zhao/arsceditor/ArscUtil.kt: (81, 13): Variable 'innerCallback' is never used
2026-03-01T10:24:07.2458545Z ##[warning]w: /home/runner/work/Auto.js.HYB1996/Auto.js.HYB1996/apkbuilder/src/main/java/zhao/arsceditor/ArscUtil.kt: (145, 34): Parameter 'value' is never used
2026-03-01T10:24:07.2462106Z ##[warning]w: /home/runner/work/Auto.js.HYB1996/Auto.js.HYB1996/apkbuilder/src/main/java/zhao/arsceditor/ArscUtil.kt: (173, 17): Name shadowed: value
2026-03-01T10:24:08.8395986Z 
2026-03-01T10:24:08.8397151Z > Task :apkbuilder:compileReleaseJavaWithJavac
2026-03-01T10:24:08.8400486Z 
2026-03-01T10:24:08.8401262Z > Task :apkbuilder:extractReleaseAnnotations
2026-03-01T10:24:08.8401997Z > Task :apkbuilder:mergeReleaseGeneratedProguardFiles
2026-03-01T10:24:08.8403017Z > Task :apkbuilder:mergeReleaseConsumerProguardFiles
2026-03-01T10:24:08.8403451Z 
2026-03-01T10:24:08.8403749Z > Task :app:mergeCommonReleaseResources
2026-03-01T10:24:08.8409576Z Note: /home/runner/work/Auto.js.HYB1996/Auto.js.HYB1996/apkbuilder/src/main/java/pxb/android/arsc/ArscParser.java uses unchecked or unsafe operations.
2026-03-01T10:24:08.8411133Z Note: Recompile with -Xlint:unchecked for details.
2026-03-01T10:24:08.8413388Z /home/runner/work/Auto.js.HYB1996/Auto.js.HYB1996/app/src/main/res/values-en/strings.xml:25:4: Multiple substitutions specified in non-positional format of string resource string/text_execution_finished. Did you mean to add the formatted="false" attribute?
2026-03-01T10:24:08.9402370Z 
2026-03-01T10:24:08.9417955Z > Task :apkbuilder:compileReleaseSources
2026-03-01T10:24:08.9418641Z > Task :apkbuilder:mergeReleaseJavaResource
2026-03-01T10:24:08.9419281Z > Task :apkbuilder:bundleLibCompileToJarRelease
2026-03-01T10:24:08.9420081Z > Task :apkbuilder:syncReleaseLibJars
2026-03-01T10:24:08.9420621Z > Task :apkbuilder:bundleReleaseAar
2026-03-01T10:24:08.9421118Z > Task :apkbuilder:assembleRelease
2026-03-01T10:24:08.9421772Z > Task :app:createCommonReleaseCompatibleScreenManifests
2026-03-01T10:24:08.9422439Z > Task :apkbuilder:extractDeepLinksRelease
2026-03-01T10:24:08.9423008Z > Task :app:extractDeepLinksCommonRelease
2026-03-01T10:24:08.9423562Z > Task :autojs:extractDeepLinksRelease
2026-03-01T10:24:08.9424105Z > Task :automator:extractDeepLinksRelease
2026-03-01T10:24:08.9424643Z > Task :common:extractDeepLinksRelease
2026-03-01T10:24:09.0423743Z > Task :automator:processReleaseManifest
2026-03-01T10:24:09.0448898Z > Task :autojs:processReleaseManifest
2026-03-01T10:24:09.0449533Z > Task :common:processReleaseManifest
2026-03-01T10:24:09.2404428Z 
2026-03-01T10:24:09.2405626Z > Task :app:processCommonReleaseMainManifest
2026-03-01T10:24:09.2407084Z /home/runner/work/Auto.js.HYB1996/Auto.js.HYB1996/app/src/main/AndroidManifest.xml:31:5-318:19 Warning:
2026-03-01T10:24:09.2409104Z 	application@android:icon was tagged at AndroidManifest.xml:31 to replace other declarations but no other declaration present
2026-03-01T10:24:09.2410714Z 
2026-03-01T10:24:09.2411280Z > Task :app:processCommonReleaseManifest
2026-03-01T10:24:09.5397339Z > Task :autojs:parseReleaseLocalResources
2026-03-01T10:24:10.4414272Z > Task :automator:parseReleaseLocalResources
2026-03-01T10:24:10.5396610Z > Task :common:parseReleaseLocalResources
2026-03-01T10:24:10.5399227Z > Task :automator:compileReleaseLibraryResources
2026-03-01T10:24:10.5404448Z > Task :app:processCommonReleaseManifestForPackage
2026-03-01T10:24:10.5407778Z > Task :autojs:generateReleaseBuildConfig
2026-03-01T10:24:10.5408754Z > Task :automator:generateReleaseBuildConfig
2026-03-01T10:24:10.5409884Z > Task :common:generateReleaseRFile
2026-03-01T10:24:10.5411989Z > Task :common:compileReleaseLibraryResources
2026-03-01T10:24:10.5417538Z > Task :common:generateReleaseBuildConfig
2026-03-01T10:24:10.6451103Z > Task :automator:generateReleaseRFile
2026-03-01T10:24:10.7396991Z > Task :app:writeCommonReleaseApplicationId
2026-03-01T10:24:10.7408955Z > Task :app:analyticsRecordingCommonRelease
2026-03-01T10:24:10.7411299Z > Task :common:kaptGenerateStubsReleaseKotlin
2026-03-01T10:24:10.7412212Z > Task :app:buildKotlinToolingMetadata
2026-03-01T10:24:10.8445815Z > Task :autojs:generateReleaseRFile
2026-03-01T10:24:10.9446757Z > Task :common:kaptReleaseKotlin
2026-03-01T10:24:10.9456127Z > Task :autojs:prepareLintJarForPublish UP-TO-DATE
2026-03-01T10:24:10.9456845Z > Task :automator:prepareLintJarForPublish UP-TO-DATE
2026-03-01T10:24:10.9457917Z > Task :common:prepareLintJarForPublish UP-TO-DATE
2026-03-01T10:24:10.9458484Z > Task :apkbuilder:bundleLibResRelease
2026-03-01T10:24:10.9459051Z > Task :apkbuilder:copyReleaseJniLibsProjectOnly
2026-03-01T10:24:11.0425910Z > Task :app:mergeCommonReleaseJniLibFolders
2026-03-01T10:24:11.0426790Z > Task :autojs:processReleaseJavaRes NO-SOURCE
2026-03-01T10:24:11.0427859Z > Task :autojs:mergeReleaseJniLibFolders
2026-03-01T10:24:11.0428534Z > Task :autojs:mergeReleaseNativeLibs NO-SOURCE
2026-03-01T10:24:11.0429218Z > Task :autojs:stripReleaseDebugSymbols NO-SOURCE
2026-03-01T10:24:11.0435821Z > Task :automator:processReleaseJavaRes NO-SOURCE
2026-03-01T10:24:11.0436499Z > Task :autojs:copyReleaseJniLibsProjectOnly
2026-03-01T10:24:11.0437113Z > Task :automator:mergeReleaseJniLibFolders
2026-03-01T10:24:11.0437752Z > Task :automator:mergeReleaseNativeLibs NO-SOURCE
2026-03-01T10:24:11.0438432Z > Task :automator:stripReleaseDebugSymbols NO-SOURCE
2026-03-01T10:24:11.0439102Z > Task :common:processReleaseJavaRes NO-SOURCE
2026-03-01T10:24:11.0439897Z > Task :automator:copyReleaseJniLibsProjectOnly
2026-03-01T10:24:11.0440513Z > Task :common:mergeReleaseJniLibFolders
2026-03-01T10:24:11.0441168Z > Task :common:mergeReleaseNativeLibs NO-SOURCE
2026-03-01T10:24:11.0441823Z > Task :common:stripReleaseDebugSymbols NO-SOURCE
2026-03-01T10:24:11.2410537Z > Task :autojs:compileReleaseLibraryResources
2026-03-01T10:24:11.2431530Z > Task :common:copyReleaseJniLibsProjectOnly
2026-03-01T10:24:11.2436047Z > Task :app:mergeCommonReleaseShaders
2026-03-01T10:24:11.2440906Z > Task :app:compileCommonReleaseShaders NO-SOURCE
2026-03-01T10:24:11.2445599Z > Task :app:generateCommonReleaseAssets UP-TO-DATE
2026-03-01T10:24:11.2450442Z > Task :autojs:mergeReleaseShaders
2026-03-01T10:24:11.2452476Z > Task :autojs:compileReleaseShaders NO-SOURCE
2026-03-01T10:24:11.2454327Z > Task :autojs:generateReleaseAssets UP-TO-DATE
2026-03-01T10:24:11.3444569Z > Task :autojs:packageReleaseAssets
2026-03-01T10:24:11.3490627Z > Task :automator:mergeReleaseShaders
2026-03-01T10:24:11.3491804Z > Task :automator:compileReleaseShaders NO-SOURCE
2026-03-01T10:24:11.3492728Z > Task :automator:generateReleaseAssets UP-TO-DATE
2026-03-01T10:24:11.3493553Z > Task :automator:packageReleaseAssets
2026-03-01T10:24:11.3494245Z > Task :common:mergeReleaseShaders
2026-03-01T10:24:11.3494955Z > Task :common:compileReleaseShaders NO-SOURCE
2026-03-01T10:24:11.3495706Z > Task :common:generateReleaseAssets UP-TO-DATE
2026-03-01T10:24:11.3496459Z > Task :common:packageReleaseAssets
2026-03-01T10:24:11.6397486Z > Task :app:mergeCommonReleaseAssets
2026-03-01T10:24:11.7429244Z > Task :app:processCommonReleaseJavaRes NO-SOURCE
2026-03-01T10:24:11.8397791Z > Task :app:checkCommonReleaseDuplicateClasses
2026-03-01T10:24:11.9411320Z > Task :app:compressCommonReleaseAssets
2026-03-01T10:24:12.0424046Z 
2026-03-01T10:24:12.0440173Z > Task :common:compileReleaseKotlin
2026-03-01T10:24:12.0443939Z ##[warning]w: /home/runner/work/Auto.js.HYB1996/Auto.js.HYB1996/common/src/main/java/com/stardust/app/AppOps.kt: (13, 23): 'checkOpNoThrow(String, Int, String): Int' is deprecated. Deprecated in Java
2026-03-01T10:24:13.0430742Z 
2026-03-01T10:24:13.0451001Z > Task :apkbuilder:bundleLibRuntimeToJarRelease
2026-03-01T10:24:13.2397338Z aapt2 W 03-01 10:24:11  3453  3453 LoadedArsc.cpp:682] Unknown chunk type '200'.
2026-03-01T10:24:13.2399338Z /home/runner/work/Auto.js.HYB1996/Auto.js.HYB1996/app/src/main/res/layout/preference_category_custom.xml:18: warn: generated id 'android:id/title' for external package 'android'.
2026-03-01T10:24:13.2400704Z 
2026-03-01T10:24:13.5396249Z 
2026-03-01T10:24:13.5397629Z > Task :common:compileReleaseJavaWithJavac
2026-03-01T10:24:13.5398490Z Note: Some input files use or override a deprecated API.
2026-03-01T10:24:13.5399353Z Note: Recompile with -Xlint:deprecation for details.
2026-03-01T10:24:14.6399586Z aapt2 W 03-01 10:24:13  3453  3453 LoadedArsc.cpp:682] Unknown chunk type '200'.
2026-03-01T10:24:14.6409000Z /home/runner/work/Auto.js.HYB1996/Auto.js.HYB1996/app/src/main/res/layout/preference_category_custom.xml:18: warn: generated id 'android:id/title' for external package 'android'.
2026-03-01T10:24:14.6410321Z 
2026-03-01T10:24:14.6410346Z 
2026-03-01T10:24:14.6410603Z > Task :common:bundleLibResRelease
2026-03-01T10:24:14.6411180Z > Task :common:bundleLibCompileToJarRelease
2026-03-01T10:24:14.6411977Z > Task :app:processCommonReleaseResources
2026-03-01T10:24:14.6412569Z > Task :common:bundleLibRuntimeToJarRelease
2026-03-01T10:24:14.9396202Z > Task :app:generateCommonReleaseR2
2026-03-01T10:24:14.9397094Z > Task :automator:kaptGenerateStubsReleaseKotlin
2026-03-01T10:24:15.6397062Z > Task :automator:kaptReleaseKotlin
2026-03-01T10:24:15.8413609Z > Task :app:collectCommonReleaseDependencies
2026-03-01T10:24:16.0396612Z > Task :app:sdkCommonReleaseDependencyData
2026-03-01T10:24:16.0397592Z > Task :app:validateSigningCommonRelease
2026-03-01T10:24:16.0398653Z > Task :app:writeCommonReleaseAppMetadata
2026-03-01T10:24:16.0399911Z > Task :app:writeCommonReleaseSigningConfigVersions
2026-03-01T10:24:16.0400933Z > Task :app:preCoolapkReleaseBuild UP-TO-DATE
2026-03-01T10:24:16.0401800Z > Task :app:compileCoolapkReleaseAidl NO-SOURCE
2026-03-01T10:24:16.0402759Z > Task :app:compileCoolapkReleaseRenderscript NO-SOURCE
2026-03-01T10:24:16.0403649Z > Task :app:generateCoolapkReleaseBuildConfig
2026-03-01T10:24:16.5442867Z > Task :app:checkCoolapkReleaseAarMetadata
2026-03-01T10:24:16.5447362Z > Task :app:generateCoolapkReleaseResValues
2026-03-01T10:24:16.5448395Z > Task :app:generateCoolapkReleaseResources
2026-03-01T10:24:18.3397484Z > Task :app:optimizeCommonReleaseResources
2026-03-01T10:24:18.3410778Z > Task :app:createCoolapkReleaseCompatibleScreenManifests
2026-03-01T10:24:18.3411543Z > Task :app:extractDeepLinksCoolapkRelease
2026-03-01T10:24:18.5398000Z > Task :app:desugarCommonReleaseFileDependencies
2026-03-01T10:24:18.5402546Z 
2026-03-01T10:24:18.5406882Z > Task :app:mergeCoolapkReleaseResources
2026-03-01T10:24:18.5410971Z /home/runner/work/Auto.js.HYB1996/Auto.js.HYB1996/app/src/main/res/values-en/strings.xml:25:4: Multiple substitutions specified in non-positional format of string resource string/text_execution_finished. Did you mean to add the formatted="false" attribute?
2026-03-01T10:24:18.7412245Z 
2026-03-01T10:24:18.7415073Z > Task :app:processCoolapkReleaseMainManifest
2026-03-01T10:24:18.7416706Z /home/runner/work/Auto.js.HYB1996/Auto.js.HYB1996/app/src/main/AndroidManifest.xml:31:5-318:19 Warning:
2026-03-01T10:24:18.7418616Z 	application@android:icon was tagged at AndroidManifest.xml:31 to replace other declarations but no other declaration present
2026-03-01T10:24:18.7420096Z 
2026-03-01T10:24:18.7420570Z > Task :app:processCoolapkReleaseManifest
2026-03-01T10:24:18.7421460Z > Task :app:writeCoolapkReleaseApplicationId
2026-03-01T10:24:18.8421497Z > Task :app:analyticsRecordingCoolapkRelease
2026-03-01T10:24:18.8424113Z > Task :app:mergeCoolapkReleaseJniLibFolders
2026-03-01T10:24:18.9424819Z > Task :app:mergeCoolapkReleaseShaders
2026-03-01T10:24:18.9426154Z > Task :app:compileCoolapkReleaseShaders NO-SOURCE
2026-03-01T10:24:18.9427384Z > Task :app:generateCoolapkReleaseAssets UP-TO-DATE
2026-03-01T10:24:19.0397006Z > Task :app:mergeCoolapkReleaseAssets
2026-03-01T10:24:19.2420612Z > Task :app:processCoolapkReleaseManifestForPackage
2026-03-01T10:24:19.2421828Z > Task :app:processCoolapkReleaseJavaRes NO-SOURCE
2026-03-01T10:24:19.3397617Z > Task :app:checkCoolapkReleaseDuplicateClasses
2026-03-01T10:24:19.3404115Z > Task :app:compressCoolapkReleaseAssets
2026-03-01T10:24:19.4437749Z > Task :app:collectCoolapkReleaseDependencies
2026-03-01T10:24:19.5409276Z > Task :app:sdkCoolapkReleaseDependencyData
2026-03-01T10:24:19.5440802Z > Task :app:validateSigningCoolapkRelease
2026-03-01T10:24:19.5441857Z > Task :app:writeCoolapkReleaseAppMetadata
2026-03-01T10:24:19.5442852Z > Task :app:writeCoolapkReleaseSigningConfigVersions
2026-03-01T10:24:19.5443918Z > Task :autojs:copyReleaseJniLibsProjectAndLocalJars
2026-03-01T10:24:22.3431347Z > Task :autojs:mergeReleaseResources
2026-03-01T10:24:24.6396920Z aapt2 W 03-01 10:24:22  3453  3453 LoadedArsc.cpp:682] Unknown chunk type '200'.
2026-03-01T10:24:24.6451804Z /home/runner/work/Auto.js.HYB1996/Auto.js.HYB1996/app/src/main/res/layout/preference_category_custom.xml:18: warn: generated id 'android:id/title' for external package 'android'.
2026-03-01T10:24:24.6453268Z 
2026-03-01T10:24:24.9402012Z 
2026-03-01T10:24:24.9402738Z > Task :automator:compileReleaseKotlin
2026-03-01T10:24:24.9410216Z ##[warning]w: /home/runner/work/Auto.js.HYB1996/Auto.js.HYB1996/automator/src/main/java/com/stardust/automator/UiObject.kt: (28, 136): 'constructor AccessibilityNodeInfoCompat(Any!)' is deprecated. Deprecated in Java
2026-03-01T10:24:24.9414158Z ##[warning]w: /home/runner/work/Auto.js.HYB1996/Auto.js.HYB1996/automator/src/main/java/com/stardust/automator/UiObject.kt: (53, 36): 'getter for info: Any!' is deprecated. Deprecated in Java
2026-03-01T10:24:24.9417468Z ##[warning]w: /home/runner/work/Auto.js.HYB1996/Auto.js.HYB1996/automator/src/main/java/com/stardust/automator/UiObject.kt: (64, 35): 'getter for info: Any!' is deprecated. Deprecated in Java
2026-03-01T10:24:24.9422318Z ##[warning]w: /home/runner/work/Auto.js.HYB1996/Auto.js.HYB1996/automator/src/main/java/com/stardust/automator/simple_action/Able.kt: (19, 41): The corresponding parameter in the supertype 'Able' is named 'node'. This may cause problems when calling this function with named arguments.
2026-03-01T10:24:24.9427314Z ##[warning]w: /home/runner/work/Auto.js.HYB1996/Auto.js.HYB1996/automator/src/main/java/com/stardust/automator/simple_action/Able.kt: (24, 41): The corresponding parameter in the supertype 'Able' is named 'node'. This may cause problems when calling this function with named arguments.
2026-03-01T10:24:24.9432509Z ##[warning]w: /home/runner/work/Auto.js.HYB1996/Auto.js.HYB1996/automator/src/main/java/com/stardust/automator/simple_action/Able.kt: (29, 41): The corresponding parameter in the supertype 'Able' is named 'node'. This may cause problems when calling this function with named arguments.
2026-03-01T10:24:24.9437620Z ##[warning]w: /home/runner/work/Auto.js.HYB1996/Auto.js.HYB1996/automator/src/main/java/com/stardust/automator/simple_action/Able.kt: (34, 41): The corresponding parameter in the supertype 'Able' is named 'node'. This may cause problems when calling this function with named arguments.
2026-03-01T10:24:24.9442704Z ##[warning]w: /home/runner/work/Auto.js.HYB1996/Auto.js.HYB1996/automator/src/main/java/com/stardust/automator/simple_action/Able.kt: (39, 41): The corresponding parameter in the supertype 'Able' is named 'node'. This may cause problems when calling this function with named arguments.
2026-03-01T10:24:24.9448493Z ##[warning]w: /home/runner/work/Auto.js.HYB1996/Auto.js.HYB1996/automator/src/main/java/com/stardust/automator/simple_action/SearchUpTargetAction.kt: (13, 31): The corresponding parameter in the supertype 'SearchTargetAction' is named 'node'. This may cause problems when calling this function with named arguments.
2026-03-01T10:24:24.9453660Z ##[warning]w: /home/runner/work/Auto.js.HYB1996/Auto.js.HYB1996/automator/src/main/java/com/stardust/automator/simple_action/SearchUpTargetAction.kt: (35, 59): Unnecessary non-null assertion (!!) on a non-null receiver of type Class<SearchUpTargetAction>
2026-03-01T10:24:24.9457714Z ##[warning]w: /home/runner/work/Auto.js.HYB1996/Auto.js.HYB1996/automator/src/main/java/com/stardust/view/accessibility/AccessibilityNodeInfoAllocator.kt: (28, 20): 'getter for info: Any!' is deprecated. Deprecated in Java
2026-03-01T10:24:24.9461853Z ##[warning]w: /home/runner/work/Auto.js.HYB1996/Auto.js.HYB1996/automator/src/main/java/com/stardust/view/accessibility/AccessibilityNodeInfoAllocator.kt: (39, 20): 'getter for info: Any!' is deprecated. Deprecated in Java
2026-03-01T10:24:24.9524535Z ##[warning]w: /home/runner/work/Auto.js.HYB1996/Auto.js.HYB1996/automator/src/main/java/com/stardust/view/accessibility/AccessibilityNodeInfoAllocator.kt: (71, 18): 'recycle(): Unit' is deprecated. Deprecated in Java
2026-03-01T10:24:24.9528893Z ##[warning]w: /home/runner/work/Auto.js.HYB1996/Auto.js.HYB1996/automator/src/main/java/com/stardust/view/accessibility/AccessibilityNodeInfoAllocator.kt: (76, 26): 'getter for info: Any!' is deprecated. Deprecated in Java
2026-03-01T10:24:24.9532944Z ##[warning]w: /home/runner/work/Auto.js.HYB1996/Auto.js.HYB1996/automator/src/main/java/com/stardust/view/accessibility/AccessibilityNodeInfoAllocator.kt: (84, 21): 'recycle(): Unit' is deprecated. Deprecated in Java
2026-03-01T10:24:24.9537154Z ##[warning]w: /home/runner/work/Auto.js.HYB1996/Auto.js.HYB1996/automator/src/main/java/com/stardust/view/accessibility/AccessibilityNodeInfoAllocator.kt: (109, 53): 'getter for info: Any!' is deprecated. Deprecated in Java
2026-03-01T10:24:24.9541168Z ##[warning]w: /home/runner/work/Auto.js.HYB1996/Auto.js.HYB1996/automator/src/main/java/com/stardust/view/accessibility/AccessibilityNodeInfoAllocator.kt: (177, 42): Condition 'nodeInfo != null' is always 'true'
2026-03-01T10:24:24.9545027Z ##[warning]w: /home/runner/work/Auto.js.HYB1996/Auto.js.HYB1996/automator/src/main/java/com/stardust/view/accessibility/AccessibilityNodeInfoAllocator.kt: (179, 30): 'recycle(): Unit' is deprecated. Deprecated in Java
2026-03-01T10:24:24.9548675Z ##[warning]w: /home/runner/work/Auto.js.HYB1996/Auto.js.HYB1996/automator/src/main/java/com/stardust/view/accessibility/AccessibilityNodeInfoHelper.kt: (36, 13): Variable 'intersect' is never used
2026-03-01T10:24:24.9552816Z ##[warning]w: /home/runner/work/Auto.js.HYB1996/Auto.js.HYB1996/automator/src/main/java/com/stardust/view/accessibility/AccessibilityNodeInfoHelper.kt: (42, 18): 'getBoundsInParent(Rect!): Unit' is deprecated. Deprecated in Java
2026-03-01T10:24:24.9556854Z ##[warning]w: /home/runner/work/Auto.js.HYB1996/Auto.js.HYB1996/automator/src/main/java/com/stardust/view/accessibility/AccessibilityNodeInfoHelper.kt: (60, 18): 'getBoundsInParent(Rect!): Unit' is deprecated. Deprecated in Java
2026-03-01T10:24:24.9592551Z ##[warning]w: /home/runner/work/Auto.js.HYB1996/Auto.js.HYB1996/automator/src/main/java/com/stardust/view/accessibility/AccessibilityNotificationObserver.kt: (83, 17): Condition 'list != null' is always 'true'
2026-03-01T10:24:24.9622603Z ##[warning]w: /home/runner/work/Auto.js.HYB1996/Auto.js.HYB1996/automator/src/main/java/com/stardust/view/accessibility/AccessibilityNotificationObserver.kt: (91, 25): Parameter 'event' is never used
2026-03-01T10:24:24.9626361Z ##[warning]w: /home/runner/work/Auto.js.HYB1996/Auto.js.HYB1996/automator/src/main/java/com/stardust/view/accessibility/NodeInfo.kt: (91, 14): 'getBoundsInParent(Rect!): Unit' is deprecated. Deprecated in Java
2026-03-01T10:24:25.3397001Z 
2026-03-01T10:24:25.3397797Z > Task :automator:compileReleaseJavaWithJavac
2026-03-01T10:24:25.8400082Z > Task :app:desugarCoolapkReleaseFileDependencies
2026-03-01T10:24:25.8400837Z > Task :automator:bundleLibResRelease
2026-03-01T10:24:25.8401457Z > Task :automator:bundleLibCompileToJarRelease
2026-03-01T10:24:25.8402131Z > Task :automator:bundleLibRuntimeToJarRelease
2026-03-01T10:24:26.1432952Z > Task :autojs:kaptGenerateStubsReleaseKotlin
2026-03-01T10:24:26.2397059Z aapt2 W 03-01 10:24:25  3453  3453 LoadedArsc.cpp:682] Unknown chunk type '200'.
2026-03-01T10:24:26.2397646Z 
2026-03-01T10:24:26.3397136Z aapt2 W 03-01 10:24:25  3454  3454 LoadedArsc.cpp:682] Unknown chunk type '200'.
2026-03-01T10:24:26.3399038Z /home/runner/work/Auto.js.HYB1996/Auto.js.HYB1996/app/src/main/res/layout/preference_category_custom.xml:18: warn: generated id 'android:id/title' for external package 'android'.
2026-03-01T10:24:26.3400398Z 
2026-03-01T10:24:26.4397900Z > Task :app:processCoolapkReleaseResources
2026-03-01T10:24:26.5397916Z > Task :autojs:verifyReleaseResources
2026-03-01T10:24:26.5402193Z > Task :autojs:kaptReleaseKotlin
2026-03-01T10:24:26.7422915Z > Task :app:generateCoolapkReleaseR2
2026-03-01T10:24:26.7425107Z > Task :automator:extractReleaseAnnotations
2026-03-01T10:24:26.7427495Z > Task :automator:mergeReleaseGeneratedProguardFiles
2026-03-01T10:24:26.8441125Z > Task :automator:mergeReleaseConsumerProguardFiles
2026-03-01T10:24:26.8441990Z > Task :automator:copyReleaseJniLibsProjectAndLocalJars
2026-03-01T10:24:26.8442649Z > Task :automator:compileReleaseSources
2026-03-01T10:24:27.3423733Z > Task :automator:mergeReleaseJavaResource
2026-03-01T10:24:27.5415201Z > Task :automator:mergeReleaseResources
2026-03-01T10:24:27.6421446Z > Task :automator:syncReleaseLibJars
2026-03-01T10:24:27.6447020Z > Task :automator:bundleReleaseAar
2026-03-01T10:24:28.2412643Z > Task :common:copyReleaseJniLibsProjectAndLocalJars
2026-03-01T10:24:28.2413497Z > Task :app:optimizeCoolapkReleaseResources
2026-03-01T10:24:28.3398408Z > Task :common:extractReleaseAnnotations
2026-03-01T10:24:28.3400104Z > Task :common:mergeReleaseGeneratedProguardFiles
2026-03-01T10:24:28.3401147Z > Task :common:mergeReleaseConsumerProguardFiles
2026-03-01T10:24:28.3402017Z > Task :common:compileReleaseSources
2026-03-01T10:24:28.3402850Z > Task :common:mergeReleaseJavaResource
2026-03-01T10:24:28.8397025Z aapt2 W 03-01 10:24:28  3453  3453 LoadedArsc.cpp:682] Unknown chunk type '200'.
2026-03-01T10:24:28.8402788Z 
2026-03-01T10:24:28.9397024Z > Task :automator:verifyReleaseResources
2026-03-01T10:24:29.2431775Z > Task :common:mergeReleaseResources
2026-03-01T10:24:29.2441686Z > Task :automator:assembleRelease
2026-03-01T10:24:29.2455790Z > Task :common:syncReleaseLibJars
2026-03-01T10:24:29.2456732Z > Task :common:bundleReleaseAar
2026-03-01T10:24:30.1427222Z > Task :inrt:preBuild UP-TO-DATE
2026-03-01T10:24:30.1451029Z > Task :inrt:preReleaseBuild UP-TO-DATE
2026-03-01T10:24:30.1452089Z > Task :inrt:compileReleaseAidl NO-SOURCE
2026-03-01T10:24:30.1453053Z > Task :inrt:compileReleaseRenderscript NO-SOURCE
2026-03-01T10:24:30.1453914Z > Task :inrt:generateReleaseBuildConfig
2026-03-01T10:24:30.1454733Z > Task :inrt:generateReleaseResValues
2026-03-01T10:24:30.1455507Z > Task :inrt:generateReleaseResources
2026-03-01T10:24:30.4396689Z > Task :inrt:checkReleaseAarMetadata
2026-03-01T10:24:30.8397042Z 
2026-03-01T10:24:30.8399321Z > Task :autojs:compileReleaseKotlin
2026-03-01T10:24:30.8402769Z ##[warning]w: /home/runner/work/Auto.js.HYB1996/Auto.js.HYB1996/autojs/src/main/java/com/stardust/autojs/core/activity/ActivityInfoProvider.kt: (106, 13): Unsafe use of a nullable receiver of type String?
2026-03-01T10:24:30.8411462Z ##[warning]w: /home/runner/work/Auto.js.HYB1996/Auto.js.HYB1996/autojs/src/main/java/com/stardust/autojs/core/activity/ActivityInfoProvider.kt: (115, 51): Type mismatch: inferred type is String? but String was expected
2026-03-01T10:24:30.8416539Z ##[warning]w: /home/runner/work/Auto.js.HYB1996/Auto.js.HYB1996/autojs/src/main/java/com/stardust/autojs/core/activity/ActivityInfoProvider.kt: (170, 29): 'getPackageInfo(String, Int): PackageInfo!' is deprecated. Deprecated in Java
2026-03-01T10:24:30.8420833Z ##[warning]w: /home/runner/work/Auto.js.HYB1996/Auto.js.HYB1996/autojs/src/main/java/com/stardust/autojs/core/pref/Pref.kt: (3, 27): 'PreferenceManager' is deprecated. Deprecated in Java
2026-03-01T10:24:30.8445156Z ##[warning]w: /home/runner/work/Auto.js.HYB1996/Auto.js.HYB1996/autojs/src/main/java/com/stardust/autojs/core/pref/Pref.kt: (7, 31): 'PreferenceManager' is deprecated. Deprecated in Java
2026-03-01T10:24:30.8450866Z ##[warning]w: /home/runner/work/Auto.js.HYB1996/Auto.js.HYB1996/autojs/src/main/java/com/stardust/autojs/core/pref/Pref.kt: (7, 49): 'getDefaultSharedPreferences(Context!): SharedPreferences!' is deprecated. Deprecated in Java
2026-03-01T10:24:31.3396676Z aapt2 W 03-01 10:24:30  3453  3453 LoadedArsc.cpp:682] Unknown chunk type '200'.
2026-03-01T10:24:31.3397551Z 
2026-03-01T10:24:31.5412188Z 
2026-03-01T10:24:31.5417732Z > Task :common:verifyReleaseResources
2026-03-01T10:24:31.5423150Z > Task :inrt:mergeReleaseResources
2026-03-01T10:24:32.7419907Z 
2026-03-01T10:24:32.7425611Z Note: Some input files use or override a deprecated API.
2026-03-01T10:24:32.7426711Z Note: Recompile with -Xlint:deprecation for details.
2026-03-01T10:24:32.7430350Z Note: /home/runner/work/Auto.js.HYB1996/Auto.js.HYB1996/autojs/src/main/java/com/stardust/autojs/rhino/AndroidClassLoader.java uses unchecked or unsafe operations.
2026-03-01T10:24:32.7432321Z Note: Recompile with -Xlint:unchecked for details.
2026-03-01T10:24:32.7440691Z > Task :autojs:compileReleaseJavaWithJavac
2026-03-01T10:24:32.7441197Z 
2026-03-01T10:24:32.7441668Z > Task :autojs:bundleLibResRelease
2026-03-01T10:24:32.7467251Z > Task :autojs:bundleLibCompileToJarRelease
2026-03-01T10:24:32.7473371Z > Task :autojs:bundleLibRuntimeToJarRelease
2026-03-01T10:24:33.5396453Z 
2026-03-01T10:24:33.5413647Z > Task :app:mergeCommonReleaseNativeLibs
2026-03-01T10:24:33.5416283Z More than one file was found with OS independent path 'lib/armeabi/libjackpal-termexec2.so'. This version of the Android Gradle Plugin chooses the file from the app or dynamic-feature module, but this can cause unexpected behavior or errors at runtime. Future versions of the Android Gradle Plugin will throw an error in this case.
2026-03-01T10:24:33.5420661Z More than one file was found with OS independent path 'lib/armeabi/libjackpal-androidterm5.so'. This version of the Android Gradle Plugin chooses the file from the app or dynamic-feature module, but this can cause unexpected behavior or errors at runtime. Future versions of the Android Gradle Plugin will throw an error in this case.
2026-03-01T10:24:33.6463923Z 
2026-03-01T10:24:33.6464701Z > Task :app:stripCommonReleaseDebugSymbols
2026-03-01T10:24:33.6466255Z Unable to strip the following libraries, packaging them as they are: libBugly-ext.so, libjackpal-androidterm5.so, libjackpal-termexec2.so, libopencv_java3.so.
2026-03-01T10:24:33.6467306Z 
2026-03-01T10:24:33.6467669Z > Task :app:extractCommonReleaseNativeSymbolTables
2026-03-01T10:24:33.6470231Z Unable to extract native debug metadata from /home/runner/work/Auto.js.HYB1996/Auto.js.HYB1996/app/build/intermediates/merged_native_libs/commonRelease/out/lib/x86/libjackpal-termexec2.so because unable to locate the objcopy executable for the x86 ABI.
2026-03-01T10:24:33.6473765Z Unable to extract native debug metadata from /home/runner/work/Auto.js.HYB1996/Auto.js.HYB1996/app/build/intermediates/merged_native_libs/commonRelease/out/lib/x86/libBugly-ext.so because unable to locate the objcopy executable for the x86 ABI.
2026-03-01T10:24:33.6477321Z Unable to extract native debug metadata from /home/runner/work/Auto.js.HYB1996/Auto.js.HYB1996/app/build/intermediates/merged_native_libs/commonRelease/out/lib/x86/libjackpal-androidterm5.so because unable to locate the objcopy executable for the x86 ABI.
2026-03-01T10:24:33.6498021Z Unable to extract native debug metadata from /home/runner/work/Auto.js.HYB1996/Auto.js.HYB1996/app/build/intermediates/merged_native_libs/commonRelease/out/lib/armeabi/libjackpal-termexec2.so because unable to locate the objcopy executable for the armeabi ABI.
2026-03-01T10:24:33.6501597Z Unable to extract native debug metadata from /home/runner/work/Auto.js.HYB1996/Auto.js.HYB1996/app/build/intermediates/merged_native_libs/commonRelease/out/lib/armeabi/libBugly-ext.so because unable to locate the objcopy executable for the armeabi ABI.
2026-03-01T10:24:33.6505015Z Unable to extract native debug metadata from /home/runner/work/Auto.js.HYB1996/Auto.js.HYB1996/app/build/intermediates/merged_native_libs/commonRelease/out/lib/armeabi/libjackpal-androidterm5.so because unable to locate the objcopy executable for the armeabi ABI.
2026-03-01T10:24:33.6581972Z Unable to extract native debug metadata from /home/runner/work/Auto.js.HYB1996/Auto.js.HYB1996/app/build/intermediates/merged_native_libs/commonRelease/out/lib/armeabi-v7a/libopencv_java3.so because unable to locate the objcopy executable for the armeabi-v7a ABI.
2026-03-01T10:24:33.6585812Z Unable to extract native debug metadata from /home/runner/work/Auto.js.HYB1996/Auto.js.HYB1996/app/build/intermediates/merged_native_libs/commonRelease/out/lib/armeabi-v7a/libjackpal-termexec2.so because unable to locate the objcopy executable for the armeabi-v7a ABI.
2026-03-01T10:24:33.6590162Z Unable to extract native debug metadata from /home/runner/work/Auto.js.HYB1996/Auto.js.HYB1996/app/build/intermediates/merged_native_libs/commonRelease/out/lib/armeabi-v7a/libBugly-ext.so because unable to locate the objcopy executable for the armeabi-v7a ABI.
2026-03-01T10:24:33.6593624Z Unable to extract native debug metadata from /home/runner/work/Auto.js.HYB1996/Auto.js.HYB1996/app/build/intermediates/merged_native_libs/commonRelease/out/lib/armeabi-v7a/libjackpal-androidterm5.so because unable to locate the objcopy executable for the armeabi-v7a ABI.
2026-03-01T10:24:33.6597180Z Unable to extract native debug metadata from /home/runner/work/Auto.js.HYB1996/Auto.js.HYB1996/app/build/intermediates/merged_native_libs/commonRelease/out/lib/x86_64/libBugly-ext.so because unable to locate the objcopy executable for the x86_64 ABI.
2026-03-01T10:24:33.6600605Z Unable to extract native debug metadata from /home/runner/work/Auto.js.HYB1996/Auto.js.HYB1996/app/build/intermediates/merged_native_libs/commonRelease/out/lib/mips/libjackpal-termexec2.so because unable to locate the objcopy executable for the mips ABI.
2026-03-01T10:24:33.6603955Z Unable to extract native debug metadata from /home/runner/work/Auto.js.HYB1996/Auto.js.HYB1996/app/build/intermediates/merged_native_libs/commonRelease/out/lib/mips/libjackpal-androidterm5.so because unable to locate the objcopy executable for the mips ABI.
2026-03-01T10:24:33.6607210Z Unable to extract native debug metadata from /home/runner/work/Auto.js.HYB1996/Auto.js.HYB1996/app/build/intermediates/merged_native_libs/commonRelease/out/lib/arm64-v8a/libBugly-ext.so because unable to locate the objcopy executable for the arm64-v8a ABI.
2026-03-01T10:24:33.6608714Z 
2026-03-01T10:24:33.6609100Z > Task :app:mergeCommonReleaseNativeDebugMetadata NO-SOURCE
2026-03-01T10:24:35.1401438Z > Task :app:kaptGenerateStubsCommonReleaseKotlin
2026-03-01T10:24:35.9416484Z > Task :app:kaptGenerateStubsCoolapkReleaseKotlin
2026-03-01T10:24:36.0397852Z 
2026-03-01T10:24:36.0402837Z > Task :app:mergeCoolapkReleaseNativeLibs
2026-03-01T10:24:36.0409579Z More than one file was found with OS independent path 'lib/armeabi/libjackpal-termexec2.so'. This version of the Android Gradle Plugin chooses the file from the app or dynamic-feature module, but this can cause unexpected behavior or errors at runtime. Future versions of the Android Gradle Plugin will throw an error in this case.
2026-03-01T10:24:36.0418307Z More than one file was found with OS independent path 'lib/armeabi/libjackpal-androidterm5.so'. This version of the Android Gradle Plugin chooses the file from the app or dynamic-feature module, but this can cause unexpected behavior or errors at runtime. Future versions of the Android Gradle Plugin will throw an error in this case.
2026-03-01T10:24:36.4395348Z 
2026-03-01T10:24:36.4471374Z > Task :app:stripCoolapkReleaseDebugSymbols
2026-03-01T10:24:36.4501579Z Unable to strip the following libraries, packaging them as they are: libBugly-ext.so, libjackpal-androidterm5.so, libjackpal-termexec2.so, libopencv_java3.so.
2026-03-01T10:24:36.4503029Z 
2026-03-01T10:24:36.4503676Z > Task :app:extractCoolapkReleaseNativeSymbolTables
2026-03-01T10:24:36.4506299Z Unable to extract native debug metadata from /home/runner/work/Auto.js.HYB1996/Auto.js.HYB1996/app/build/intermediates/merged_native_libs/coolapkRelease/out/lib/x86/libjackpal-termexec2.so because unable to locate the objcopy executable for the x86 ABI.
2026-03-01T10:24:36.4509942Z Unable to extract native debug metadata from /home/runner/work/Auto.js.HYB1996/Auto.js.HYB1996/app/build/intermediates/merged_native_libs/coolapkRelease/out/lib/x86/libBugly-ext.so because unable to locate the objcopy executable for the x86 ABI.
2026-03-01T10:24:36.4513297Z Unable to extract native debug metadata from /home/runner/work/Auto.js.HYB1996/Auto.js.HYB1996/app/build/intermediates/merged_native_libs/coolapkRelease/out/lib/x86/libjackpal-androidterm5.so because unable to locate the objcopy executable for the x86 ABI.
2026-03-01T10:24:36.4517287Z Unable to extract native debug metadata from /home/runner/work/Auto.js.HYB1996/Auto.js.HYB1996/app/build/intermediates/merged_native_libs/coolapkRelease/out/lib/armeabi/libjackpal-termexec2.so because unable to locate the objcopy executable for the armeabi ABI.
2026-03-01T10:24:36.4520910Z Unable to extract native debug metadata from /home/runner/work/Auto.js.HYB1996/Auto.js.HYB1996/app/build/intermediates/merged_native_libs/coolapkRelease/out/lib/armeabi/libBugly-ext.so because unable to locate the objcopy executable for the armeabi ABI.
2026-03-01T10:24:36.4524639Z Unable to extract native debug metadata from /home/runner/work/Auto.js.HYB1996/Auto.js.HYB1996/app/build/intermediates/merged_native_libs/coolapkRelease/out/lib/armeabi/libjackpal-androidterm5.so because unable to locate the objcopy executable for the armeabi ABI.
2026-03-01T10:24:36.4528259Z Unable to extract native debug metadata from /home/runner/work/Auto.js.HYB1996/Auto.js.HYB1996/app/build/intermediates/merged_native_libs/coolapkRelease/out/lib/armeabi-v7a/libopencv_java3.so because unable to locate the objcopy executable for the armeabi-v7a ABI.
2026-03-01T10:24:36.4532057Z Unable to extract native debug metadata from /home/runner/work/Auto.js.HYB1996/Auto.js.HYB1996/app/build/intermediates/merged_native_libs/coolapkRelease/out/lib/armeabi-v7a/libjackpal-termexec2.so because unable to locate the objcopy executable for the armeabi-v7a ABI.
2026-03-01T10:24:36.4552586Z Unable to extract native debug metadata from /home/runner/work/Auto.js.HYB1996/Auto.js.HYB1996/app/build/intermediates/merged_native_libs/coolapkRelease/out/lib/armeabi-v7a/libBugly-ext.so because unable to locate the objcopy executable for the armeabi-v7a ABI.
2026-03-01T10:24:36.4556212Z Unable to extract native debug metadata from /home/runner/work/Auto.js.HYB1996/Auto.js.HYB1996/app/build/intermediates/merged_native_libs/coolapkRelease/out/lib/armeabi-v7a/libjackpal-androidterm5.so because unable to locate the objcopy executable for the armeabi-v7a ABI.
2026-03-01T10:24:36.4559977Z Unable to extract native debug metadata from /home/runner/work/Auto.js.HYB1996/Auto.js.HYB1996/app/build/intermediates/merged_native_libs/coolapkRelease/out/lib/x86_64/libBugly-ext.so because unable to locate the objcopy executable for the x86_64 ABI.
2026-03-01T10:24:36.4563412Z Unable to extract native debug metadata from /home/runner/work/Auto.js.HYB1996/Auto.js.HYB1996/app/build/intermediates/merged_native_libs/coolapkRelease/out/lib/mips/libjackpal-termexec2.so because unable to locate the objcopy executable for the mips ABI.
2026-03-01T10:24:36.4567206Z Unable to extract native debug metadata from /home/runner/work/Auto.js.HYB1996/Auto.js.HYB1996/app/build/intermediates/merged_native_libs/coolapkRelease/out/lib/mips/libjackpal-androidterm5.so because unable to locate the objcopy executable for the mips ABI.
2026-03-01T10:24:36.4570962Z Unable to extract native debug metadata from /home/runner/work/Auto.js.HYB1996/Auto.js.HYB1996/app/build/intermediates/merged_native_libs/coolapkRelease/out/lib/arm64-v8a/libBugly-ext.so because unable to locate the objcopy executable for the arm64-v8a ABI.
2026-03-01T10:24:36.4572577Z 
2026-03-01T10:24:36.4572986Z > Task :app:mergeCoolapkReleaseNativeDebugMetadata NO-SOURCE
2026-03-01T10:24:36.5411006Z > Task :autojs:extractReleaseAnnotations
2026-03-01T10:24:36.6416843Z > Task :autojs:mergeReleaseGeneratedProguardFiles
2026-03-01T10:24:36.6428349Z > Task :autojs:mergeReleaseConsumerProguardFiles
2026-03-01T10:24:36.7396605Z > Task :autojs:mergeReleaseJavaResource
2026-03-01T10:24:36.8423875Z > Task :autojs:syncReleaseLibJars
2026-03-01T10:24:37.3397340Z > Task :autojs:bundleReleaseAar
2026-03-01T10:24:37.3402510Z > Task :autojs:compileReleaseSources
2026-03-01T10:24:37.3403216Z > Task :autojs:assembleRelease
2026-03-01T10:24:37.3406074Z > Task :common:assembleRelease
2026-03-01T10:24:37.3406677Z > Task :inrt:createReleaseCompatibleScreenManifests
2026-03-01T10:24:37.3407298Z > Task :inrt:extractDeepLinksRelease
2026-03-01T10:24:37.4396894Z > Task :inrt:processReleaseMainManifest
2026-03-01T10:24:37.5401419Z > Task :inrt:processReleaseManifest
2026-03-01T10:24:37.5403303Z > Task :inrt:writeReleaseApplicationId
2026-03-01T10:24:37.5405989Z > Task :inrt:analyticsRecordingRelease
2026-03-01T10:24:37.5408011Z > Task :inrt:buildKotlinToolingMetadata
2026-03-01T10:24:37.6441372Z > Task :inrt:mergeReleaseJniLibFolders
2026-03-01T10:24:37.6446638Z > Task :inrt:processReleaseManifestForPackage
2026-03-01T10:24:37.9401514Z warning: A class activity declared in the AndroidManifest.xml cannot be found in the compile path: [com.heinrichreimersoftware.androidissuereporter.IssueReporterLauncher$Activity]
2026-03-01T10:24:37.9402887Z 
2026-03-01T10:24:37.9405617Z warning: A class activity declared in the AndroidManifest.xml cannot be found in the compile path: [androidx.room.MultiInstanceInvalidationService]
2026-03-01T10:24:37.9406840Z > Task :app:kaptCommonReleaseKotlin
2026-03-01T10:24:37.9408763Z warning: A class activity declared in the AndroidManifest.xml cannot be found in the compile path: [androidx.work.impl.utils.ForceStopRunnable$BroadcastReceiver]
2026-03-01T10:24:37.9411635Z warning: A class activity declared in the AndroidManifest.xml cannot be found in the compile path: [androidx.work.impl.background.systemalarm.ConstraintProxy$BatteryChargingProxy]
2026-03-01T10:24:37.9414481Z warning: A class activity declared in the AndroidManifest.xml cannot be found in the compile path: [androidx.work.impl.background.systemalarm.ConstraintProxy$BatteryNotLowProxy]
2026-03-01T10:24:37.9417162Z warning: A class activity declared in the AndroidManifest.xml cannot be found in the compile path: [androidx.work.impl.background.systemalarm.ConstraintProxy$StorageNotLowProxy]
2026-03-01T10:24:37.9420010Z warning: A class activity declared in the AndroidManifest.xml cannot be found in the compile path: [androidx.work.impl.background.systemalarm.ConstraintProxy$NetworkStateProxy]
2026-03-01T10:24:38.0422971Z 
2026-03-01T10:24:38.0428135Z > Task :inrt:mergeReleaseNativeLibs
2026-03-01T10:24:38.0431591Z More than one file was found with OS independent path 'lib/armeabi/libjackpal-termexec2.so'. This version of the Android Gradle Plugin chooses the file from the app or dynamic-feature module, but this can cause unexpected behavior or errors at runtime. Future versions of the Android Gradle Plugin will throw an error in this case.
2026-03-01T10:24:38.0436419Z More than one file was found with OS independent path 'lib/armeabi/libjackpal-androidterm5.so'. This version of the Android Gradle Plugin chooses the file from the app or dynamic-feature module, but this can cause unexpected behavior or errors at runtime. Future versions of the Android Gradle Plugin will throw an error in this case.
2026-03-01T10:24:38.1397838Z 
2026-03-01T10:24:38.1398838Z > Task :inrt:stripReleaseDebugSymbols
2026-03-01T10:24:38.1400801Z Unable to strip the following libraries, packaging them as they are: libjackpal-androidterm5.so, libjackpal-termexec2.so, libopencv_java3.so.
2026-03-01T10:24:38.1401960Z 
2026-03-01T10:24:38.1402562Z > Task :inrt:extractReleaseNativeSymbolTables
2026-03-01T10:24:38.1406383Z Unable to extract native debug metadata from /home/runner/work/Auto.js.HYB1996/Auto.js.HYB1996/inrt/build/intermediates/merged_native_libs/release/out/lib/x86/libjackpal-termexec2.so because unable to locate the objcopy executable for the x86 ABI.
2026-03-01T10:24:38.1413865Z Unable to extract native debug metadata from /home/runner/work/Auto.js.HYB1996/Auto.js.HYB1996/inrt/build/intermediates/merged_native_libs/release/out/lib/x86/libjackpal-androidterm5.so because unable to locate the objcopy executable for the x86 ABI.
2026-03-01T10:24:38.1417348Z Unable to extract native debug metadata from /home/runner/work/Auto.js.HYB1996/Auto.js.HYB1996/inrt/build/intermediates/merged_native_libs/release/out/lib/armeabi/libjackpal-termexec2.so because unable to locate the objcopy executable for the armeabi ABI.
2026-03-01T10:24:38.1420997Z Unable to extract native debug metadata from /home/runner/work/Auto.js.HYB1996/Auto.js.HYB1996/inrt/build/intermediates/merged_native_libs/release/out/lib/armeabi/libjackpal-androidterm5.so because unable to locate the objcopy executable for the armeabi ABI.
2026-03-01T10:24:38.1425465Z Unable to extract native debug metadata from /home/runner/work/Auto.js.HYB1996/Auto.js.HYB1996/inrt/build/intermediates/merged_native_libs/release/out/lib/armeabi-v7a/libopencv_java3.so because unable to locate the objcopy executable for the armeabi-v7a ABI.
2026-03-01T10:24:38.1429507Z Unable to extract native debug metadata from /home/runner/work/Auto.js.HYB1996/Auto.js.HYB1996/inrt/build/intermediates/merged_native_libs/release/out/lib/armeabi-v7a/libjackpal-termexec2.so because unable to locate the objcopy executable for the armeabi-v7a ABI.
2026-03-01T10:24:38.1433581Z Unable to extract native debug metadata from /home/runner/work/Auto.js.HYB1996/Auto.js.HYB1996/inrt/build/intermediates/merged_native_libs/release/out/lib/armeabi-v7a/libjackpal-androidterm5.so because unable to locate the objcopy executable for the armeabi-v7a ABI.
2026-03-01T10:24:38.1442619Z Unable to extract native debug metadata from /home/runner/work/Auto.js.HYB1996/Auto.js.HYB1996/inrt/build/intermediates/merged_native_libs/release/out/lib/mips/libjackpal-termexec2.so because unable to locate the objcopy executable for the mips ABI.
2026-03-01T10:24:38.1446193Z Unable to extract native debug metadata from /home/runner/work/Auto.js.HYB1996/Auto.js.HYB1996/inrt/build/intermediates/merged_native_libs/release/out/lib/mips/libjackpal-androidterm5.so because unable to locate the objcopy executable for the mips ABI.
2026-03-01T10:24:38.1447823Z 
2026-03-01T10:24:38.1448201Z > Task :inrt:mergeReleaseNativeDebugMetadata NO-SOURCE
2026-03-01T10:24:38.1448834Z > Task :inrt:mergeReleaseShaders
2026-03-01T10:24:38.1449379Z > Task :inrt:compileReleaseShaders NO-SOURCE
2026-03-01T10:24:38.1450176Z > Task :inrt:generateReleaseAssets UP-TO-DATE
2026-03-01T10:24:38.2396485Z > Task :inrt:mergeReleaseAssets
2026-03-01T10:24:38.3398871Z warning: A class activity declared in the AndroidManifest.xml cannot be found in the compile path: [com.heinrichreimersoftware.androidissuereporter.IssueReporterLauncher$Activity]
2026-03-01T10:24:38.3401195Z > Task :inrt:compressReleaseAssets
2026-03-01T10:24:38.3402846Z warning: A class activity declared in the AndroidManifest.xml cannot be found in the compile path: [androidx.room.MultiInstanceInvalidationService]
2026-03-01T10:24:38.3405121Z warning: A class activity declared in the AndroidManifest.xml cannot be found in the compile path: [androidx.work.impl.utils.ForceStopRunnable$BroadcastReceiver]
2026-03-01T10:24:38.3407845Z warning: A class activity declared in the AndroidManifest.xml cannot be found in the compile path: [androidx.work.impl.background.systemalarm.ConstraintProxy$BatteryChargingProxy]
2026-03-01T10:24:38.3411177Z warning: A class activity declared in the AndroidManifest.xml cannot be found in the compile path: [androidx.work.impl.background.systemalarm.ConstraintProxy$BatteryNotLowProxy]
2026-03-01T10:24:38.3413677Z warning: A class activity declared in the AndroidManifest.xml cannot be found in the compile path: [androidx.work.impl.background.systemalarm.ConstraintProxy$StorageNotLowProxy]
2026-03-01T10:24:38.3416089Z warning: A class activity declared in the AndroidManifest.xml cannot be found in the compile path: [androidx.work.impl.background.systemalarm.ConstraintProxy$NetworkStateProxy]
2026-03-01T10:24:38.3417537Z > Task :inrt:checkReleaseDuplicateClasses
2026-03-01T10:24:38.3417873Z 
2026-03-01T10:24:38.3418122Z > Task :app:kaptCoolapkReleaseKotlin
2026-03-01T10:24:38.7395919Z 
2026-03-01T10:24:38.7401302Z aapt2 W 03-01 10:24:37  3453  3453 LoadedArsc.cpp:682] Unknown chunk type '200'.
2026-03-01T10:24:38.7403395Z 
2026-03-01T10:24:39.2396095Z 
2026-03-01T10:24:39.2401368Z > Task :app:kaptCommonReleaseKotlin
2026-03-01T10:24:39.2408052Z [WARN] Incremental annotation processing requested, but support is disabled because the following processors are not incremental: org.androidannotations.internal.AndroidAnnotationProcessor (DYNAMIC).
2026-03-01T10:24:39.3410696Z 
2026-03-01T10:24:39.3411714Z > Task :app:kaptCoolapkReleaseKotlin
2026-03-01T10:24:39.3413872Z [WARN] Incremental annotation processing requested, but support is disabled because the following processors are not incremental: org.androidannotations.internal.AndroidAnnotationProcessor (DYNAMIC).
2026-03-01T10:24:40.2397947Z aapt2 W 03-01 10:24:39  3453  3453 LoadedArsc.cpp:682] Unknown chunk type '200'.
2026-03-01T10:24:40.2398533Z 
2026-03-01T10:24:41.3395833Z 
2026-03-01T10:24:41.3396881Z > Task :inrt:processReleaseResources
2026-03-01T10:24:42.9422942Z > Task :inrt:kaptGenerateStubsReleaseKotlin
2026-03-01T10:24:43.5396415Z > Task :inrt:kaptReleaseKotlin
2026-03-01T10:24:43.8396673Z > Task :inrt:desugarReleaseFileDependencies
2026-03-01T10:24:43.8397814Z > Task :inrt:processReleaseJavaRes NO-SOURCE
2026-03-01T10:24:45.5406194Z > Task :inrt:optimizeReleaseResources
2026-03-01T10:24:45.6396947Z > Task :inrt:collectReleaseDependencies
2026-03-01T10:24:45.6398248Z > Task :inrt:sdkReleaseDependencyData
2026-03-01T10:24:45.6399004Z > Task :inrt:writeReleaseAppMetadata
2026-03-01T10:24:45.6400147Z > Task :inrt:writeReleaseSigningConfigVersions
2026-03-01T10:24:45.7395495Z 
2026-03-01T10:24:45.7402059Z > Task :app:compileCoolapkReleaseKotlin
2026-03-01T10:24:45.7410149Z ##[warning]w: /home/runner/work/Auto.js.HYB1996/Auto.js.HYB1996/app/src/main/java/org/autojs/autojs/App.kt: (73, 65): 'getColor(Int): Int' is deprecated. Deprecated in Java
2026-03-01T10:24:45.7418254Z ##[warning]w: /home/runner/work/Auto.js.HYB1996/Auto.js.HYB1996/app/src/main/java/org/autojs/autojs/App.kt: (73, 107): 'getColor(Int): Int' is deprecated. Deprecated in Java
2026-03-01T10:24:45.7426348Z ##[warning]w: /home/runner/work/Auto.js.HYB1996/Auto.js.HYB1996/app/src/main/java/org/autojs/autojs/App.kt: (73, 153): 'getColor(Int): Int' is deprecated. Deprecated in Java
2026-03-01T10:24:45.7434492Z ##[warning]w: /home/runner/work/Auto.js.HYB1996/Auto.js.HYB1996/app/src/main/java/org/autojs/autojs/autojs/api/timing/TimedTasks.kt: (19, 16): Parameter 'path' is never used
2026-03-01T10:24:45.7465689Z ##[warning]w: /home/runner/work/Auto.js.HYB1996/Auto.js.HYB1996/app/src/main/java/org/autojs/autojs/autojs/api/timing/TimedTasks.kt: (19, 30): Parameter 'millis' is never used
2026-03-01T10:24:45.7469148Z ##[warning]w: /home/runner/work/Auto.js.HYB1996/Auto.js.HYB1996/app/src/main/java/org/autojs/autojs/model/script/Scripts.kt: (105, 56): Type mismatch: inferred type is String? but String was expected
2026-03-01T10:24:45.7472972Z ##[warning]w: /home/runner/work/Auto.js.HYB1996/Auto.js.HYB1996/app/src/main/java/org/autojs/autojs/model/script/Scripts.kt: (128, 52): Type mismatch: inferred type is String? but String was expected
2026-03-01T10:24:45.7476907Z ##[warning]w: /home/runner/work/Auto.js.HYB1996/Auto.js.HYB1996/app/src/main/java/org/autojs/autojs/model/script/Scripts.kt: (135, 108): Type mismatch: inferred type is String? but String was expected
2026-03-01T10:24:45.7482212Z ##[warning]w: /home/runner/work/Auto.js.HYB1996/Auto.js.HYB1996/app/src/main/java/org/autojs/autojs/ui/main/market/MarketFragment.kt: (49, 9): This is a delicate API and its use requires care. Make sure you fully read and understand documentation of the declaration that is marked as a delicate API.
2026-03-01T10:24:45.7510259Z ##[warning]w: /home/runner/work/Auto.js.HYB1996/Auto.js.HYB1996/app/src/main/java/org/autojs/autojs/ui/main/market/MarketFragment.kt: (119, 13): This is a delicate API and its use requires care. Make sure you fully read and understand documentation of the declaration that is marked as a delicate API.
2026-03-01T10:24:45.8397488Z 
2026-03-01T10:24:45.8402884Z > Task :app:compileCommonReleaseKotlin
2026-03-01T10:24:45.8409371Z ##[warning]w: /home/runner/work/Auto.js.HYB1996/Auto.js.HYB1996/app/src/main/java/org/autojs/autojs/App.kt: (73, 65): 'getColor(Int): Int' is deprecated. Deprecated in Java
2026-03-01T10:24:45.8417663Z ##[warning]w: /home/runner/work/Auto.js.HYB1996/Auto.js.HYB1996/app/src/main/java/org/autojs/autojs/App.kt: (73, 107): 'getColor(Int): Int' is deprecated. Deprecated in Java
2026-03-01T10:24:45.8422095Z ##[warning]w: /home/runner/work/Auto.js.HYB1996/Auto.js.HYB1996/app/src/main/java/org/autojs/autojs/App.kt: (73, 153): 'getColor(Int): Int' is deprecated. Deprecated in Java
2026-03-01T10:24:45.8425879Z ##[warning]w: /home/runner/work/Auto.js.HYB1996/Auto.js.HYB1996/app/src/main/java/org/autojs/autojs/autojs/api/timing/TimedTasks.kt: (19, 16): Parameter 'path' is never used
2026-03-01T10:24:45.8429945Z ##[warning]w: /home/runner/work/Auto.js.HYB1996/Auto.js.HYB1996/app/src/main/java/org/autojs/autojs/autojs/api/timing/TimedTasks.kt: (19, 30): Parameter 'millis' is never used
2026-03-01T10:24:45.8433766Z ##[warning]w: /home/runner/work/Auto.js.HYB1996/Auto.js.HYB1996/app/src/main/java/org/autojs/autojs/model/script/Scripts.kt: (105, 56): Type mismatch: inferred type is String? but String was expected
2026-03-01T10:24:45.8437986Z ##[warning]w: /home/runner/work/Auto.js.HYB1996/Auto.js.HYB1996/app/src/main/java/org/autojs/autojs/model/script/Scripts.kt: (128, 52): Type mismatch: inferred type is String? but String was expected
2026-03-01T10:24:45.8442317Z ##[warning]w: /home/runner/work/Auto.js.HYB1996/Auto.js.HYB1996/app/src/main/java/org/autojs/autojs/model/script/Scripts.kt: (135, 108): Type mismatch: inferred type is String? but String was expected
2026-03-01T10:24:45.8447711Z ##[warning]w: /home/runner/work/Auto.js.HYB1996/Auto.js.HYB1996/app/src/main/java/org/autojs/autojs/ui/main/market/MarketFragment.kt: (49, 9): This is a delicate API and its use requires care. Make sure you fully read and understand documentation of the declaration that is marked as a delicate API.
2026-03-01T10:24:45.8453936Z ##[warning]w: /home/runner/work/Auto.js.HYB1996/Auto.js.HYB1996/app/src/main/java/org/autojs/autojs/ui/main/market/MarketFragment.kt: (119, 13): This is a delicate API and its use requires care. Make sure you fully read and understand documentation of the declaration that is marked as a delicate API.
2026-03-01T10:24:46.3397534Z 
2026-03-01T10:24:46.3399454Z > Task :inrt:compileReleaseKotlin
2026-03-01T10:24:46.3403515Z ##[warning]w: /home/runner/work/Auto.js.HYB1996/Auto.js.HYB1996/inrt/src/main/java/com/stardust/auojs/inrt/Pref.kt: (4, 27): 'PreferenceManager' is deprecated. Deprecated in Java
2026-03-01T10:24:46.3408171Z ##[warning]w: /home/runner/work/Auto.js.HYB1996/Auto.js.HYB1996/inrt/src/main/java/com/stardust/auojs/inrt/Pref.kt: (20, 28): 'PreferenceManager' is deprecated. Deprecated in Java
2026-03-01T10:24:46.3413391Z ##[warning]w: /home/runner/work/Auto.js.HYB1996/Auto.js.HYB1996/inrt/src/main/java/com/stardust/auojs/inrt/Pref.kt: (20, 46): 'getDefaultSharedPreferences(Context!): SharedPreferences!' is deprecated. Deprecated in Java
2026-03-01T10:24:46.3418607Z ##[warning]w: /home/runner/work/Auto.js.HYB1996/Auto.js.HYB1996/inrt/src/main/java/com/stardust/auojs/inrt/SettingsActivity.kt: (23, 9): 'getter for fragmentManager: FragmentManager!' is deprecated. Deprecated in Java
2026-03-01T10:24:46.3426547Z ##[warning]w: /home/runner/work/Auto.js.HYB1996/Auto.js.HYB1996/inrt/src/main/java/com/stardust/auojs/inrt/SettingsActivity.kt: (23, 25): 'beginTransaction(): FragmentTransaction!' is deprecated. Deprecated in Java
2026-03-01T10:24:46.3431861Z ##[warning]w: /home/runner/work/Auto.js.HYB1996/Auto.js.HYB1996/inrt/src/main/java/com/stardust/auojs/inrt/SettingsActivity.kt: (23, 44): 'replace(Int, Fragment!): FragmentTransaction!' is deprecated. Deprecated in Java
2026-03-01T10:24:46.3436301Z ##[warning]w: /home/runner/work/Auto.js.HYB1996/Auto.js.HYB1996/inrt/src/main/java/com/stardust/auojs/inrt/SettingsActivity.kt: (23, 97): 'commit(): Int' is deprecated. Deprecated in Java
2026-03-01T10:24:46.3441813Z ##[warning]w: /home/runner/work/Auto.js.HYB1996/Auto.js.HYB1996/inrt/src/main/java/com/stardust/auojs/inrt/SettingsActivity.kt: (31, 32): 'constructor PreferenceFragment()' is deprecated. Deprecated in Java
2026-03-01T10:24:46.3445783Z ##[warning]w: /home/runner/work/Auto.js.HYB1996/Auto.js.HYB1996/inrt/src/main/java/com/stardust/auojs/inrt/SettingsActivity.kt: (31, 51): 'PreferenceFragment' is deprecated. Deprecated in Java
2026-03-01T10:24:46.3450981Z ##[warning]w: /home/runner/work/Auto.js.HYB1996/Auto.js.HYB1996/inrt/src/main/java/com/stardust/auojs/inrt/SettingsActivity.kt: (34, 19): 'onCreate(Bundle?): Unit' is deprecated. Deprecated in Java
2026-03-01T10:24:46.3456428Z ##[warning]w: /home/runner/work/Auto.js.HYB1996/Auto.js.HYB1996/inrt/src/main/java/com/stardust/auojs/inrt/SettingsActivity.kt: (35, 13): 'addPreferencesFromResource(Int): Unit' is deprecated. Deprecated in Java
2026-03-01T10:24:46.3461499Z ##[warning]w: /home/runner/work/Auto.js.HYB1996/Auto.js.HYB1996/inrt/src/main/java/com/stardust/auojs/inrt/SplashActivity.kt: (37, 13): 'constructor Handler()' is deprecated. Deprecated in Java
2026-03-01T10:24:46.3466662Z ##[warning]w: /home/runner/work/Auto.js.HYB1996/Auto.js.HYB1996/inrt/src/main/java/com/stardust/auojs/inrt/SplashActivity.kt: (56, 36): Unnecessary non-null assertion (!!) on a non-null receiver of type AutoJs
2026-03-01T10:24:46.3471253Z ##[warning]w: /home/runner/work/Auto.js.HYB1996/Auto.js.HYB1996/inrt/src/main/java/com/stardust/auojs/inrt/autojs/GlobalKeyObserver.kt: (34, 28): Unnecessary non-null assertion (!!) on a non-null receiver of type AutoJs
2026-03-01T10:24:48.1399288Z 
2026-03-01T10:24:48.1401409Z > Task :app:compileCoolapkReleaseJavaWithJavac
2026-03-01T10:24:48.1402427Z Note: Some input files use or override a deprecated API.
2026-03-01T10:24:48.1405637Z Note: Recompile with -Xlint:deprecation for details.
2026-03-01T10:24:48.1406477Z Note: Some input files use unchecked or unsafe operations.
2026-03-01T10:24:48.1407242Z Note: Recompile with -Xlint:unchecked for details.
2026-03-01T10:24:50.2395276Z 
2026-03-01T10:24:50.2396332Z > Task :app:compileCommonReleaseJavaWithJavac
2026-03-01T10:24:50.2397798Z Note: Some input files use or override a deprecated API.
2026-03-01T10:24:50.2398471Z Note: Recompile with -Xlint:deprecation for details.
2026-03-01T10:24:50.2399197Z Note: Some input files use unchecked or unsafe operations.
2026-03-01T10:24:50.2400086Z Note: Recompile with -Xlint:unchecked for details.
2026-03-01T10:24:50.2400425Z 
2026-03-01T10:24:50.2400657Z > Task :app:compileCommonReleaseSources
2026-03-01T10:24:53.0400650Z 
2026-03-01T10:24:53.0406015Z > Task :app:lintVitalCommonRelease
2026-03-01T10:24:53.0436169Z Could not load custom lint check jar file /home/runner/.gradle/caches/transforms-3/0d10bb6f1d9470e03feb5025d7978c68/transformed/work-runtime-2.8.1/jars/lint.jar
2026-03-01T10:24:53.0438527Z java.lang.NoClassDefFoundError: com/android/tools/lint/client/api/Vendor
2026-03-01T10:24:53.0439877Z 	at androidx.work.lint.WorkManagerIssueRegistry.<init>(WorkManagerIssueRegistry.kt:40)
2026-03-01T10:24:53.0441196Z 	at java.base/jdk.internal.reflect.NativeConstructorAccessorImpl.newInstance0(Native Method)
2026-03-01T10:24:53.0442759Z 	at java.base/jdk.internal.reflect.NativeConstructorAccessorImpl.newInstance(NativeConstructorAccessorImpl.java:77)
2026-03-01T10:24:53.0444600Z 	at java.base/jdk.internal.reflect.DelegatingConstructorAccessorImpl.newInstance(DelegatingConstructorAccessorImpl.java:45)
2026-03-01T10:24:53.0446197Z 	at java.base/java.lang.reflect.Constructor.newInstanceWithCaller(Constructor.java:500)
2026-03-01T10:24:53.0447406Z 	at java.base/java.lang.reflect.ReflectAccess.newInstance(ReflectAccess.java:128)
2026-03-01T10:24:53.0448626Z 	at java.base/jdk.internal.reflect.ReflectionFactory.newInstance(ReflectionFactory.java:347)
2026-03-01T10:24:53.0449602Z 	at java.base/java.lang.Class.newInstance(Class.java:647)
2026-03-01T10:24:53.0451069Z 	at com.android.tools.lint.client.api.JarFileIssueRegistry$Factory.loadIssueRegistry(JarFileIssueRegistry.kt:200)
2026-03-01T10:24:53.0452555Z 	at com.android.tools.lint.client.api.JarFileIssueRegistry$Factory.get(JarFileIssueRegistry.kt:152)
2026-03-01T10:24:53.0453876Z 	at com.android.tools.lint.client.api.JarFileIssueRegistry$Factory.get(JarFileIssueRegistry.kt:116)
2026-03-01T10:24:53.0455422Z 	at com.android.tools.lint.client.api.LintDriver.registerCustomDetectors(LintDriver.kt:473)
2026-03-01T10:24:53.0456644Z 	at com.android.tools.lint.client.api.LintDriver.analyze(LintDriver.kt:393)
2026-03-01T10:24:53.0457653Z 	at com.android.tools.lint.LintCliClient.run(LintCliClient.kt:222)
2026-03-01T10:24:53.0458604Z 	at com.android.tools.lint.LintCliClient.run(LintCliClient.kt:203)
2026-03-01T10:24:53.0460003Z 	at com.android.tools.lint.gradle.LintGradleClient.run(LintGradleClient.kt:229)
2026-03-01T10:24:53.0461219Z 	at com.android.tools.lint.gradle.LintGradleExecution.runLint(LintGradleExecution.kt:285)
2026-03-01T10:24:53.0462558Z 	at com.android.tools.lint.gradle.LintGradleExecution.lintSingleVariant(LintGradleExecution.kt:301)
2026-03-01T10:24:53.0463947Z 	at com.android.tools.lint.gradle.LintGradleExecution.analyze(LintGradleExecution.kt:68)
2026-03-01T10:24:53.0465103Z 	at java.base/jdk.internal.reflect.NativeMethodAccessorImpl.invoke0(Native Method)
2026-03-01T10:24:53.0466414Z 	at java.base/jdk.internal.reflect.NativeMethodAccessorImpl.invoke(NativeMethodAccessorImpl.java:77)
2026-03-01T10:24:53.0468032Z 	at java.base/jdk.internal.reflect.DelegatingMethodAccessorImpl.invoke(DelegatingMethodAccessorImpl.java:43)
2026-03-01T10:24:53.0469408Z 	at java.base/java.lang.reflect.Method.invoke(Method.java:569)
2026-03-01T10:24:53.0470697Z 	at com.android.tools.lint.gradle.api.ReflectiveLintRunner.runLint(ReflectiveLintRunner.kt:37)
2026-03-01T10:24:53.0471963Z 	at com.android.build.gradle.tasks.LintBaseTask.runLint(LintBaseTask.java:133)
2026-03-01T10:24:53.0473247Z 	at com.android.build.gradle.tasks.LintPerVariantTask.doTaskAction(LintPerVariantTask.java:52)
2026-03-01T10:24:53.0474949Z 	at com.android.build.gradle.internal.tasks.NonIncrementalGlobalTask$taskAction$$inlined$recordTaskAction$1.invoke(BaseTask.kt:63)
2026-03-01T10:24:53.0476499Z 	at com.android.build.gradle.internal.tasks.Blocks.recordSpan(Blocks.java:51)
2026-03-01T10:24:53.0477925Z 	at com.android.build.gradle.internal.tasks.NonIncrementalGlobalTask.taskAction(NonIncrementalTask.kt:90)
2026-03-01T10:24:53.0479332Z 	at java.base/jdk.internal.reflect.NativeMethodAccessorImpl.invoke0(Native Method)
2026-03-01T10:24:53.0480944Z 	at java.base/jdk.internal.reflect.NativeMethodAccessorImpl.invoke(NativeMethodAccessorImpl.java:77)
2026-03-01T10:24:53.0482547Z 	at java.base/jdk.internal.reflect.DelegatingMethodAccessorImpl.invoke(DelegatingMethodAccessorImpl.java:43)
2026-03-01T10:24:53.0483778Z 	at java.base/java.lang.reflect.Method.invoke(Method.java:569)
2026-03-01T10:24:53.0484726Z 	at org.gradle.internal.reflect.JavaMethod.invoke(JavaMethod.java:125)
2026-03-01T10:24:53.0486214Z 	at org.gradle.api.internal.project.taskfactory.StandardTaskAction.doExecute(StandardTaskAction.java:58)
2026-03-01T10:24:53.0487801Z 	at org.gradle.api.internal.project.taskfactory.StandardTaskAction.execute(StandardTaskAction.java:51)
2026-03-01T10:24:53.0489260Z 	at org.gradle.api.internal.project.taskfactory.StandardTaskAction.execute(StandardTaskAction.java:29)
2026-03-01T10:24:53.0490932Z 	at org.gradle.api.internal.tasks.execution.TaskExecution$3.run(TaskExecution.java:236)
2026-03-01T10:24:53.0492455Z 	at org.gradle.internal.operations.DefaultBuildOperationRunner$1.execute(DefaultBuildOperationRunner.java:29)
2026-03-01T10:24:53.0494188Z 	at org.gradle.internal.operations.DefaultBuildOperationRunner$1.execute(DefaultBuildOperationRunner.java:26)
2026-03-01T10:24:53.0495894Z 	at org.gradle.internal.operations.DefaultBuildOperationRunner$2.execute(DefaultBuildOperationRunner.java:66)
2026-03-01T10:24:53.0497694Z 	at org.gradle.internal.operations.DefaultBuildOperationRunner$2.execute(DefaultBuildOperationRunner.java:59)
2026-03-01T10:24:53.0499418Z 	at org.gradle.internal.operations.DefaultBuildOperationRunner.execute(DefaultBuildOperationRunner.java:157)
2026-03-01T10:24:53.0501185Z 	at org.gradle.internal.operations.DefaultBuildOperationRunner.execute(DefaultBuildOperationRunner.java:59)
2026-03-01T10:24:53.0502775Z 	at org.gradle.internal.operations.DefaultBuildOperationRunner.run(DefaultBuildOperationRunner.java:47)
2026-03-01T10:24:53.0504705Z 	at org.gradle.internal.operations.DefaultBuildOperationExecutor.run(DefaultBuildOperationExecutor.java:68)
2026-03-01T10:24:53.0506235Z 	at org.gradle.api.internal.tasks.execution.TaskExecution.executeAction(TaskExecution.java:221)
2026-03-01T10:24:53.0507716Z 	at org.gradle.api.internal.tasks.execution.TaskExecution.executeActions(TaskExecution.java:204)
2026-03-01T10:24:53.0509537Z 	at org.gradle.api.internal.tasks.execution.TaskExecution.executeWithPreviousOutputFiles(TaskExecution.java:187)
2026-03-01T10:24:53.0511336Z 	at org.gradle.api.internal.tasks.execution.TaskExecution.execute(TaskExecution.java:165)
2026-03-01T10:24:53.0512656Z 	at org.gradle.internal.execution.steps.ExecuteStep.executeInternal(ExecuteStep.java:89)
2026-03-01T10:24:53.0513958Z 	at org.gradle.internal.execution.steps.ExecuteStep.access$000(ExecuteStep.java:40)
2026-03-01T10:24:53.0515175Z 	at org.gradle.internal.execution.steps.ExecuteStep$1.call(ExecuteStep.java:53)
2026-03-01T10:24:53.0516344Z 	at org.gradle.internal.execution.steps.ExecuteStep$1.call(ExecuteStep.java:50)
2026-03-01T10:24:53.0518015Z 	at org.gradle.internal.operations.DefaultBuildOperationRunner$CallableBuildOperationWorker.execute(DefaultBuildOperationRunner.java:204)
2026-03-01T10:24:53.0521422Z 	at org.gradle.internal.operations.DefaultBuildOperationRunner$CallableBuildOperationWorker.execute(DefaultBuildOperationRunner.java:199)
2026-03-01T10:24:53.0523443Z 	at org.gradle.internal.operations.DefaultBuildOperationRunner$2.execute(DefaultBuildOperationRunner.java:66)
2026-03-01T10:24:53.0525099Z 	at org.gradle.internal.operations.DefaultBuildOperationRunner$2.execute(DefaultBuildOperationRunner.java:59)
2026-03-01T10:24:53.0526773Z 	at org.gradle.internal.operations.DefaultBuildOperationRunner.execute(DefaultBuildOperationRunner.java:157)
2026-03-01T10:24:53.0528375Z 	at org.gradle.internal.operations.DefaultBuildOperationRunner.execute(DefaultBuildOperationRunner.java:59)
2026-03-01T10:24:53.0530180Z 	at org.gradle.internal.operations.DefaultBuildOperationRunner.call(DefaultBuildOperationRunner.java:53)
2026-03-01T10:24:53.0531858Z 	at org.gradle.internal.operations.DefaultBuildOperationExecutor.call(DefaultBuildOperationExecutor.java:73)
2026-03-01T10:24:53.0533248Z 	at org.gradle.internal.execution.steps.ExecuteStep.execute(ExecuteStep.java:50)
2026-03-01T10:24:53.0534332Z 	at org.gradle.internal.execution.steps.ExecuteStep.execute(ExecuteStep.java:40)
2026-03-01T10:24:53.0535621Z 	at org.gradle.internal.execution.steps.RemovePreviousOutputsStep.execute(RemovePreviousOutputsStep.java:68)
2026-03-01T10:24:53.0537397Z 	at org.gradle.internal.execution.steps.RemovePreviousOutputsStep.execute(RemovePreviousOutputsStep.java:38)
2026-03-01T10:24:53.0538954Z 	at org.gradle.internal.execution.steps.CancelExecutionStep.execute(CancelExecutionStep.java:41)
2026-03-01T10:24:53.0540610Z 	at org.gradle.internal.execution.steps.TimeoutStep.executeWithoutTimeout(TimeoutStep.java:74)
2026-03-01T10:24:53.0541931Z 	at org.gradle.internal.execution.steps.TimeoutStep.execute(TimeoutStep.java:55)
2026-03-01T10:24:53.0543163Z 	at org.gradle.internal.execution.steps.CreateOutputsStep.execute(CreateOutputsStep.java:51)
2026-03-01T10:24:53.0544475Z 	at org.gradle.internal.execution.steps.CreateOutputsStep.execute(CreateOutputsStep.java:29)
2026-03-01T10:24:53.0546469Z 	at org.gradle.internal.execution.steps.CaptureStateAfterExecutionStep.executeDelegateBroadcastingChanges(CaptureStateAfterExecutionStep.java:124)
2026-03-01T10:24:53.0548663Z 	at org.gradle.internal.execution.steps.CaptureStateAfterExecutionStep.execute(CaptureStateAfterExecutionStep.java:80)
2026-03-01T10:24:53.0550768Z 	at org.gradle.internal.execution.steps.CaptureStateAfterExecutionStep.execute(CaptureStateAfterExecutionStep.java:58)
2026-03-01T10:24:53.0552499Z 	at org.gradle.internal.execution.steps.ResolveInputChangesStep.execute(ResolveInputChangesStep.java:48)
2026-03-01T10:24:53.0554154Z 	at org.gradle.internal.execution.steps.ResolveInputChangesStep.execute(ResolveInputChangesStep.java:36)
2026-03-01T10:24:53.0555226Z 	at org.gradle.internal.execution.steps.BuildCacheStep.executeWithoutCache(BuildCacheStep.java:181)
2026-03-01T10:24:53.0556717Z 	at org.gradle.internal.execution.steps.BuildCacheStep.lambda$execute$1(BuildCacheStep.java:71)
2026-03-01T10:24:53.0557833Z 	at org.gradle.internal.Either$Right.fold(Either.java:175)
2026-03-01T10:24:53.0559018Z 	at org.gradle.internal.execution.caching.CachingState.fold(CachingState.java:59)
2026-03-01T10:24:53.0560500Z 	at org.gradle.internal.execution.steps.BuildCacheStep.execute(BuildCacheStep.java:69)
2026-03-01T10:24:53.0561821Z 	at org.gradle.internal.execution.steps.BuildCacheStep.execute(BuildCacheStep.java:47)
2026-03-01T10:24:53.0563247Z 	at org.gradle.internal.execution.steps.StoreExecutionStateStep.execute(StoreExecutionStateStep.java:36)
2026-03-01T10:24:53.0564844Z 	at org.gradle.internal.execution.steps.StoreExecutionStateStep.execute(StoreExecutionStateStep.java:25)
2026-03-01T10:24:53.0566240Z 	at org.gradle.internal.execution.steps.RecordOutputsStep.execute(RecordOutputsStep.java:36)
2026-03-01T10:24:53.0567508Z 	at org.gradle.internal.execution.steps.RecordOutputsStep.execute(RecordOutputsStep.java:22)
2026-03-01T10:24:53.0568811Z 	at org.gradle.internal.execution.steps.SkipUpToDateStep.executeBecause(SkipUpToDateStep.java:110)
2026-03-01T10:24:53.0570500Z 	at org.gradle.internal.execution.steps.SkipUpToDateStep.lambda$execute$2(SkipUpToDateStep.java:56)
2026-03-01T10:24:53.0571676Z 	at java.base/java.util.Optional.orElseGet(Optional.java:364)
2026-03-01T10:24:53.0572792Z 	at org.gradle.internal.execution.steps.SkipUpToDateStep.execute(SkipUpToDateStep.java:56)
2026-03-01T10:24:53.0574140Z 	at org.gradle.internal.execution.steps.SkipUpToDateStep.execute(SkipUpToDateStep.java:38)
2026-03-01T10:24:53.0575507Z 	at org.gradle.internal.execution.steps.ResolveChangesStep.execute(ResolveChangesStep.java:73)
2026-03-01T10:24:53.0576944Z 	at org.gradle.internal.execution.steps.ResolveChangesStep.execute(ResolveChangesStep.java:44)
2026-03-01T10:24:53.0578718Z 	at org.gradle.internal.execution.steps.legacy.MarkSnapshottingInputsFinishedStep.execute(MarkSnapshottingInputsFinishedStep.java:37)
2026-03-01T10:24:53.0581170Z 	at org.gradle.internal.execution.steps.legacy.MarkSnapshottingInputsFinishedStep.execute(MarkSnapshottingInputsFinishedStep.java:27)
2026-03-01T10:24:53.0583077Z 	at org.gradle.internal.execution.steps.ResolveCachingStateStep.execute(ResolveCachingStateStep.java:89)
2026-03-01T10:24:53.0584736Z 	at org.gradle.internal.execution.steps.ResolveCachingStateStep.execute(ResolveCachingStateStep.java:50)
2026-03-01T10:24:53.0586255Z 	at org.gradle.internal.execution.steps.ValidateStep.execute(ValidateStep.java:114)
2026-03-01T10:24:53.0587529Z 	at org.gradle.internal.execution.steps.ValidateStep.execute(ValidateStep.java:57)
2026-03-01T10:24:53.0589176Z 	at org.gradle.internal.execution.steps.CaptureStateBeforeExecutionStep.execute(CaptureStateBeforeExecutionStep.java:76)
2026-03-01T10:24:53.0591358Z 	at org.gradle.internal.execution.steps.CaptureStateBeforeExecutionStep.execute(CaptureStateBeforeExecutionStep.java:50)
2026-03-01T10:24:53.0593316Z 	at org.gradle.internal.execution.steps.SkipEmptyWorkStep.executeWithNoEmptySources(SkipEmptyWorkStep.java:254)
2026-03-01T10:24:53.0594951Z 	at org.gradle.internal.execution.steps.SkipEmptyWorkStep.execute(SkipEmptyWorkStep.java:91)
2026-03-01T10:24:53.0596342Z 	at org.gradle.internal.execution.steps.SkipEmptyWorkStep.execute(SkipEmptyWorkStep.java:56)
2026-03-01T10:24:53.0598174Z 	at org.gradle.internal.execution.steps.RemoveUntrackedExecutionStateStep.execute(RemoveUntrackedExecutionStateStep.java:32)
2026-03-01T10:24:53.0600382Z 	at org.gradle.internal.execution.steps.RemoveUntrackedExecutionStateStep.execute(RemoveUntrackedExecutionStateStep.java:21)
2026-03-01T10:24:53.0602476Z 	at org.gradle.internal.execution.steps.legacy.MarkSnapshottingInputsStartedStep.execute(MarkSnapshottingInputsStartedStep.java:38)
2026-03-01T10:24:53.0604769Z 	at org.gradle.internal.execution.steps.LoadPreviousExecutionStateStep.execute(LoadPreviousExecutionStateStep.java:43)
2026-03-01T10:24:53.0606624Z 	at org.gradle.internal.execution.steps.LoadPreviousExecutionStateStep.execute(LoadPreviousExecutionStateStep.java:31)
2026-03-01T10:24:53.0608351Z 	at org.gradle.internal.execution.steps.AssignWorkspaceStep.lambda$execute$0(AssignWorkspaceStep.java:40)
2026-03-01T10:24:53.0610243Z 	at org.gradle.api.internal.tasks.execution.TaskExecution$4.withWorkspace(TaskExecution.java:281)
2026-03-01T10:24:53.0611753Z 	at org.gradle.internal.execution.steps.AssignWorkspaceStep.execute(AssignWorkspaceStep.java:40)
2026-03-01T10:24:53.0613255Z 	at org.gradle.internal.execution.steps.AssignWorkspaceStep.execute(AssignWorkspaceStep.java:30)
2026-03-01T10:24:53.0614659Z 	at org.gradle.internal.execution.steps.IdentityCacheStep.execute(IdentityCacheStep.java:37)
2026-03-01T10:24:53.0616060Z 	at org.gradle.internal.execution.steps.IdentityCacheStep.execute(IdentityCacheStep.java:27)
2026-03-01T10:24:53.0617351Z 	at org.gradle.internal.execution.steps.IdentifyStep.execute(IdentifyStep.java:44)
2026-03-01T10:24:53.0618555Z 	at org.gradle.internal.execution.steps.IdentifyStep.execute(IdentifyStep.java:33)
2026-03-01T10:24:53.0620305Z 	at org.gradle.internal.execution.impl.DefaultExecutionEngine$1.execute(DefaultExecutionEngine.java:76)
2026-03-01T10:24:53.0622126Z 	at org.gradle.api.internal.tasks.execution.ExecuteActionsTaskExecuter.executeIfValid(ExecuteActionsTaskExecuter.java:139)
2026-03-01T10:24:53.0624033Z 	at org.gradle.api.internal.tasks.execution.ExecuteActionsTaskExecuter.execute(ExecuteActionsTaskExecuter.java:128)
2026-03-01T10:24:53.0625918Z 	at org.gradle.api.internal.tasks.execution.CleanupStaleOutputsExecuter.execute(CleanupStaleOutputsExecuter.java:77)
2026-03-01T10:24:53.0627861Z 	at org.gradle.api.internal.tasks.execution.FinalizePropertiesTaskExecuter.execute(FinalizePropertiesTaskExecuter.java:46)
2026-03-01T10:24:53.0630121Z 	at org.gradle.api.internal.tasks.execution.ResolveTaskExecutionModeExecuter.execute(ResolveTaskExecutionModeExecuter.java:51)
2026-03-01T10:24:53.0632044Z 	at org.gradle.api.internal.tasks.execution.SkipTaskWithNoActionsExecuter.execute(SkipTaskWithNoActionsExecuter.java:57)
2026-03-01T10:24:53.0633783Z 	at org.gradle.api.internal.tasks.execution.SkipOnlyIfTaskExecuter.execute(SkipOnlyIfTaskExecuter.java:56)
2026-03-01T10:24:53.0635416Z 	at org.gradle.api.internal.tasks.execution.CatchExceptionTaskExecuter.execute(CatchExceptionTaskExecuter.java:36)
2026-03-01T10:24:53.0636994Z 	at org.gradle.api.internal.tasks.execution.EventFiringTaskExecuter$1.executeTask(EventFiringTaskExecuter.java:77)
2026-03-01T10:24:53.0638650Z 	at org.gradle.api.internal.tasks.execution.EventFiringTaskExecuter$1.call(EventFiringTaskExecuter.java:55)
2026-03-01T10:24:53.0640434Z 	at org.gradle.api.internal.tasks.execution.EventFiringTaskExecuter$1.call(EventFiringTaskExecuter.java:52)
2026-03-01T10:24:53.0642360Z 	at org.gradle.internal.operations.DefaultBuildOperationRunner$CallableBuildOperationWorker.execute(DefaultBuildOperationRunner.java:204)
2026-03-01T10:24:53.0644544Z 	at org.gradle.internal.operations.DefaultBuildOperationRunner$CallableBuildOperationWorker.execute(DefaultBuildOperationRunner.java:199)
2026-03-01T10:24:53.0646429Z 	at org.gradle.internal.operations.DefaultBuildOperationRunner$2.execute(DefaultBuildOperationRunner.java:66)
2026-03-01T10:24:53.0648111Z 	at org.gradle.internal.operations.DefaultBuildOperationRunner$2.execute(DefaultBuildOperationRunner.java:59)
2026-03-01T10:24:53.0650098Z 	at org.gradle.internal.operations.DefaultBuildOperationRunner.execute(DefaultBuildOperationRunner.java:157)
2026-03-01T10:24:53.0651797Z 	at org.gradle.internal.operations.DefaultBuildOperationRunner.execute(DefaultBuildOperationRunner.java:59)
2026-03-01T10:24:53.0653425Z 	at org.gradle.internal.operations.DefaultBuildOperationRunner.call(DefaultBuildOperationRunner.java:53)
2026-03-01T10:24:53.0655103Z 	at org.gradle.internal.operations.DefaultBuildOperationExecutor.call(DefaultBuildOperationExecutor.java:73)
2026-03-01T10:24:53.0657002Z 	at org.gradle.api.internal.tasks.execution.EventFiringTaskExecuter.execute(EventFiringTaskExecuter.java:52)
2026-03-01T10:24:53.0658530Z 	at org.gradle.execution.plan.LocalTaskNodeExecutor.execute(LocalTaskNodeExecutor.java:69)
2026-03-01T10:24:53.0660483Z 	at org.gradle.execution.taskgraph.DefaultTaskExecutionGraph$InvokeNodeExecutorsAction.execute(DefaultTaskExecutionGraph.java:327)
2026-03-01T10:24:53.0662646Z 	at org.gradle.execution.taskgraph.DefaultTaskExecutionGraph$InvokeNodeExecutorsAction.execute(DefaultTaskExecutionGraph.java:314)
2026-03-01T10:24:53.0664819Z 	at org.gradle.execution.taskgraph.DefaultTaskExecutionGraph$BuildOperationAwareExecutionAction.execute(DefaultTaskExecutionGraph.java:307)
2026-03-01T10:24:53.0667050Z 	at org.gradle.execution.taskgraph.DefaultTaskExecutionGraph$BuildOperationAwareExecutionAction.execute(DefaultTaskExecutionGraph.java:293)
2026-03-01T10:24:53.0668898Z 	at org.gradle.execution.plan.DefaultPlanExecutor$ExecutorWorker.execute(DefaultPlanExecutor.java:417)
2026-03-01T10:24:53.0670652Z 	at org.gradle.execution.plan.DefaultPlanExecutor$ExecutorWorker.run(DefaultPlanExecutor.java:339)
2026-03-01T10:24:53.0672040Z 	at org.gradle.execution.plan.DefaultPlanExecutor.process(DefaultPlanExecutor.java:96)
2026-03-01T10:24:53.0673627Z 	at org.gradle.execution.taskgraph.DefaultTaskExecutionGraph.executeWithServices(DefaultTaskExecutionGraph.java:140)
2026-03-01T10:24:53.0675267Z 	at org.gradle.execution.taskgraph.DefaultTaskExecutionGraph.execute(DefaultTaskExecutionGraph.java:125)
2026-03-01T10:24:53.0676700Z 	at org.gradle.execution.SelectedTaskExecutionAction.execute(SelectedTaskExecutionAction.java:39)
2026-03-01T10:24:53.0678085Z 	at org.gradle.execution.DryRunBuildExecutionAction.execute(DryRunBuildExecutionAction.java:51)
2026-03-01T10:24:53.0680219Z 	at org.gradle.execution.BuildOperationFiringBuildWorkerExecutor$ExecuteTasks.call(BuildOperationFiringBuildWorkerExecutor.java:54)
2026-03-01T10:24:53.0682317Z 	at org.gradle.execution.BuildOperationFiringBuildWorkerExecutor$ExecuteTasks.call(BuildOperationFiringBuildWorkerExecutor.java:43)
2026-03-01T10:24:53.0684390Z 	at org.gradle.internal.operations.DefaultBuildOperationRunner$CallableBuildOperationWorker.execute(DefaultBuildOperationRunner.java:204)
2026-03-01T10:24:53.0686561Z 	at org.gradle.internal.operations.DefaultBuildOperationRunner$CallableBuildOperationWorker.execute(DefaultBuildOperationRunner.java:199)
2026-03-01T10:24:53.0688500Z 	at org.gradle.internal.operations.DefaultBuildOperationRunner$2.execute(DefaultBuildOperationRunner.java:66)
2026-03-01T10:24:53.0690496Z 	at org.gradle.internal.operations.DefaultBuildOperationRunner$2.execute(DefaultBuildOperationRunner.java:59)
2026-03-01T10:24:53.0692152Z 	at org.gradle.internal.operations.DefaultBuildOperationRunner.execute(DefaultBuildOperationRunner.java:157)
2026-03-01T10:24:53.0693865Z 	at org.gradle.internal.operations.DefaultBuildOperationRunner.execute(DefaultBuildOperationRunner.java:59)
2026-03-01T10:24:53.0695490Z 	at org.gradle.internal.operations.DefaultBuildOperationRunner.call(DefaultBuildOperationRunner.java:53)
2026-03-01T10:24:53.0697157Z 	at org.gradle.internal.operations.DefaultBuildOperationExecutor.call(DefaultBuildOperationExecutor.java:73)
2026-03-01T10:24:53.0699127Z 	at org.gradle.execution.BuildOperationFiringBuildWorkerExecutor.execute(BuildOperationFiringBuildWorkerExecutor.java:40)
2026-03-01T10:24:53.0701330Z 	at org.gradle.internal.build.DefaultBuildLifecycleController.lambda$executeTasks$7(DefaultBuildLifecycleController.java:161)
2026-03-01T10:24:53.0703092Z 	at org.gradle.internal.model.StateTransitionController.doTransition(StateTransitionController.java:247)
2026-03-01T10:24:53.0704684Z 	at org.gradle.internal.model.StateTransitionController.lambda$tryTransition$7(StateTransitionController.java:174)
2026-03-01T10:24:53.0706196Z 	at org.gradle.internal.work.DefaultSynchronizer.withLock(DefaultSynchronizer.java:44)
2026-03-01T10:24:53.0707640Z 	at org.gradle.internal.model.StateTransitionController.tryTransition(StateTransitionController.java:174)
2026-03-01T10:24:53.0710092Z 	at org.gradle.internal.build.DefaultBuildLifecycleController.executeTasks(DefaultBuildLifecycleController.java:161)
2026-03-01T10:24:53.0712063Z 	at org.gradle.internal.build.DefaultBuildWorkGraphController$DefaultBuildWorkGraph.runWork(DefaultBuildWorkGraphController.java:156)
2026-03-01T10:24:53.0714044Z 	at org.gradle.internal.work.DefaultWorkerLeaseService.withLocks(DefaultWorkerLeaseService.java:249)
2026-03-01T10:24:53.0715698Z 	at org.gradle.internal.work.DefaultWorkerLeaseService.runAsWorkerThread(DefaultWorkerLeaseService.java:109)
2026-03-01T10:24:53.0717287Z 	at org.gradle.composite.internal.DefaultBuildController.doRun(DefaultBuildController.java:164)
2026-03-01T10:24:53.0718808Z 	at org.gradle.composite.internal.DefaultBuildController.access$000(DefaultBuildController.java:45)
2026-03-01T10:24:53.0720651Z 	at org.gradle.composite.internal.DefaultBuildController$BuildOpRunnable.run(DefaultBuildController.java:183)
2026-03-01T10:24:53.0722136Z 	at java.base/java.util.concurrent.Executors$RunnableAdapter.call(Executors.java:539)
2026-03-01T10:24:53.0723239Z 	at java.base/java.util.concurrent.FutureTask.run(FutureTask.java:264)
2026-03-01T10:24:53.0724491Z 	at org.gradle.internal.concurrent.ExecutorPolicy$CatchAndRecordFailures.onExecute(ExecutorPolicy.java:64)
2026-03-01T10:24:53.0725845Z 	at org.gradle.internal.concurrent.ManagedExecutorImpl$1.run(ManagedExecutorImpl.java:48)
2026-03-01T10:24:53.0727203Z 	at java.base/java.util.concurrent.ThreadPoolExecutor.runWorker(ThreadPoolExecutor.java:1136)
2026-03-01T10:24:53.0728570Z 	at java.base/java.util.concurrent.ThreadPoolExecutor$Worker.run(ThreadPoolExecutor.java:635)
2026-03-01T10:24:53.0729600Z 	at java.base/java.lang.Thread.run(Thread.java:840)
2026-03-01T10:24:53.0730842Z Caused by: java.lang.ClassNotFoundException: com.android.tools.lint.client.api.Vendor
2026-03-01T10:24:53.0732042Z 	at com.intellij.util.lang.UrlClassLoader.findClass(UrlClassLoader.java:357)
2026-03-01T10:24:53.0733102Z 	at java.base/java.lang.ClassLoader.loadClass(ClassLoader.java:592)
2026-03-01T10:24:53.0734137Z 	at java.base/java.lang.ClassLoader.loadClass(ClassLoader.java:525)
2026-03-01T10:24:53.0734792Z 	... 180 more
2026-03-01T10:24:53.2404738Z e: /home/runner/.gradle/caches/modules-2/files-2.1/org.jetbrains.kotlin/kotlin-stdlib-jdk7/1.7.10/1ef73fee66f45d52c67e2aca12fd945dbe0659bf/kotlin-stdlib-jdk7-1.7.10.jar!/META-INF/kotlin-stdlib-jdk7.kotlin_module: Module was compiled with an incompatible version of Kotlin. The binary version of its metadata is 1.7.1, expected version is 1.4.0.
2026-03-01T10:24:53.2420964Z e: /home/runner/.gradle/caches/modules-2/files-2.1/org.jetbrains.kotlin/kotlin-stdlib/1.7.10/d2abf9e77736acc4450dc4a3f707fa2c10f5099d/kotlin-stdlib-1.7.10.jar!/META-INF/kotlin-stdlib.kotlin_module: Module was compiled with an incompatible version of Kotlin. The binary version of its metadata is 1.7.1, expected version is 1.4.0.
2026-03-01T10:24:53.2426033Z e: /home/runner/.gradle/caches/modules-2/files-2.1/org.jetbrains.kotlin/kotlin-stdlib-common/1.7.10/bac80c520d0a9e3f3673bc2658c6ed02ef45a76a/kotlin-stdlib-common-1.7.10.jar!/META-INF/kotlin-stdlib-common.kotlin_module: Module was compiled with an incompatible version of Kotlin. The binary version of its metadata is 1.7.1, expected version is 1.4.0.
2026-03-01T10:24:53.2434238Z e: /home/runner/work/Auto.js.HYB1996/Auto.js.HYB1996/common/build/tmp/kotlin-classes/debug/META-INF/common_debug.kotlin_module: Module was compiled with an incompatible version of Kotlin. The binary version of its metadata is 1.7.1, expected version is 1.4.0.
2026-03-01T10:24:53.2438725Z e: /home/runner/.gradle/caches/modules-2/files-2.1/org.jetbrains.kotlin/kotlin-stdlib-jdk8/1.7.10/d70d7d2c56371f7aa18f32e984e3e2e998fe9081/kotlin-stdlib-jdk8-1.7.10.jar!/META-INF/kotlin-stdlib-jdk8.kotlin_module: Module was compiled with an incompatible version of Kotlin. The binary version of its metadata is 1.7.1, expected version is 1.4.0.
2026-03-01T10:24:53.2448958Z e: /home/runner/work/Auto.js.HYB1996/Auto.js.HYB1996/automator/build/tmp/kotlin-classes/debug/META-INF/automator_debug.kotlin_module: Module was compiled with an incompatible version of Kotlin. The binary version of its metadata is 1.7.1, expected version is 1.4.0.
2026-03-01T10:24:53.2453890Z e: /home/runner/.gradle/caches/modules-2/files-2.1/org.jetbrains.kotlin/kotlin-stdlib-jdk8/1.7.20/eac6656981d9d7156e838467d2d8d79093b1570/kotlin-stdlib-jdk8-1.7.20.jar!/META-INF/kotlin-stdlib-jdk8.kotlin_module: Module was compiled with an incompatible version of Kotlin. The binary version of its metadata is 1.7.1, expected version is 1.4.0.
2026-03-01T10:24:53.2458586Z e: /home/runner/.gradle/caches/transforms-3/0d10bb6f1d9470e03feb5025d7978c68/transformed/work-runtime-2.8.1/jars/classes.jar!/META-INF/work-runtime_release.kotlin_module: Module was compiled with an incompatible version of Kotlin. The binary version of its metadata is 1.7.1, expected version is 1.4.0.
2026-03-01T10:24:53.2463415Z e: /home/runner/.gradle/caches/modules-2/files-2.1/org.jetbrains.kotlin/kotlin-stdlib-jdk7/1.7.20/2a729aa8763306368e665e2b747abd1dfd29b9d5/kotlin-stdlib-jdk7-1.7.20.jar!/META-INF/kotlin-stdlib-jdk7.kotlin_module: Module was compiled with an incompatible version of Kotlin. The binary version of its metadata is 1.7.1, expected version is 1.4.0.
2026-03-01T10:24:53.2469334Z e: /home/runner/.gradle/caches/transforms-3/093d54d29099e892f879d0d18f805e4e/transformed/jetified-core-ktx-1.8.0/jars/classes.jar!/META-INF/core-ktx_release.kotlin_module: Module was compiled with an incompatible version of Kotlin. The binary version of its metadata is 1.6.0, expected version is 1.4.0.
2026-03-01T10:24:53.2474498Z e: /home/runner/.gradle/caches/modules-2/files-2.1/org.jetbrains.kotlinx/kotlinx-coroutines-core-jvm/1.6.1/97fd74ccf54a863d221956ffcd21835e168e2aaa/kotlinx-coroutines-core-jvm-1.6.1.jar!/META-INF/kotlinx-coroutines-core.kotlin_module: Module was compiled with an incompatible version of Kotlin. The binary version of its metadata is 1.6.0, expected version is 1.4.0.
2026-03-01T10:24:53.2480115Z e: /home/runner/.gradle/caches/modules-2/files-2.1/org.jetbrains.kotlinx/kotlinx-coroutines-android/1.6.1/4e61fcdcc508cbaa37c4a284a50205d7c7767e37/kotlinx-coroutines-android-1.6.1.jar!/META-INF/kotlinx-coroutines-android.kotlin_module: Module was compiled with an incompatible version of Kotlin. The binary version of its metadata is 1.6.0, expected version is 1.4.0.
2026-03-01T10:24:53.2485011Z e: /home/runner/.gradle/caches/modules-2/files-2.1/org.jetbrains.kotlin/kotlin-stdlib/1.7.21/1a2eaf898a0dda83037034b10a42053cf8a7caf8/kotlin-stdlib-1.7.21.jar!/META-INF/kotlin-stdlib.kotlin_module: Module was compiled with an incompatible version of Kotlin. The binary version of its metadata is 1.7.1, expected version is 1.4.0.
2026-03-01T10:24:53.2490353Z e: /home/runner/.gradle/caches/modules-2/files-2.1/org.jetbrains.kotlin/kotlin-stdlib-common/1.7.21/cb02257de8e13e8498f8e2f69f742f2d438e794d/kotlin-stdlib-common-1.7.21.jar!/META-INF/kotlin-stdlib-common.kotlin_module: Module was compiled with an incompatible version of Kotlin. The binary version of its metadata is 1.7.1, expected version is 1.4.0.
2026-03-01T10:24:53.2494658Z e: /home/runner/work/Auto.js.HYB1996/Auto.js.HYB1996/apkbuilder/build/tmp/kotlin-classes/debug/META-INF/apkbuilder_debug.kotlin_module: Module was compiled with an incompatible version of Kotlin. The binary version of its metadata is 1.7.1, expected version is 1.4.0.
2026-03-01T10:24:53.2498483Z e: /home/runner/work/Auto.js.HYB1996/Auto.js.HYB1996/autojs/build/tmp/kotlin-classes/debug/META-INF/autojs_debug.kotlin_module: Module was compiled with an incompatible version of Kotlin. The binary version of its metadata is 1.7.1, expected version is 1.4.0.
2026-03-01T10:25:04.6395567Z 
2026-03-01T10:25:04.6396269Z > Task :app:mergeCommonReleaseJavaResource
2026-03-01T10:25:05.3397625Z > Task :app:multiDexListCommonRelease
2026-03-01T10:25:06.0396091Z > Task :app:dexBuilderCommonRelease
2026-03-01T10:25:13.9402385Z 
2026-03-01T10:25:13.9408232Z > Task :app:mergeDexCommonRelease
2026-03-01T10:25:13.9411094Z WARNING:/home/runner/.gradle/caches/transforms-3/4d34d83f7256f3d494a29ddea6885868/transformed/jetified-android-plugin-client-sdk-for-locale-4.0.3-runtime.jar: D8: Expected stack map table for method with non-linear control flow.
2026-03-01T10:25:13.9419001Z WARNING:/home/runner/.gradle/caches/transforms-3/4d34d83f7256f3d494a29ddea6885868/transformed/jetified-android-plugin-client-sdk-for-locale-4.0.3-runtime.jar: D8: Expected stack map table for method with non-linear control flow.
2026-03-01T10:25:13.9423062Z WARNING:/home/runner/.gradle/caches/transforms-3/4d34d83f7256f3d494a29ddea6885868/transformed/jetified-android-plugin-client-sdk-for-locale-4.0.3-runtime.jar: D8: Expected stack map table for method with non-linear control flow.
2026-03-01T10:25:13.9426771Z WARNING:/home/runner/.gradle/caches/transforms-3/4d34d83f7256f3d494a29ddea6885868/transformed/jetified-android-plugin-client-sdk-for-locale-4.0.3-runtime.jar: D8: Expected stack map table for method with non-linear control flow.
2026-03-01T10:25:13.9430461Z WARNING:/home/runner/.gradle/caches/transforms-3/4d34d83f7256f3d494a29ddea6885868/transformed/jetified-android-plugin-client-sdk-for-locale-4.0.3-runtime.jar: D8: Expected stack map table for method with non-linear control flow.
2026-03-01T10:25:13.9433945Z WARNING:/home/runner/.gradle/caches/transforms-3/4d34d83f7256f3d494a29ddea6885868/transformed/jetified-android-plugin-client-sdk-for-locale-4.0.3-runtime.jar: D8: Expected stack map table for method with non-linear control flow.
2026-03-01T10:25:13.9437374Z WARNING:/home/runner/.gradle/caches/transforms-3/4d34d83f7256f3d494a29ddea6885868/transformed/jetified-android-plugin-client-sdk-for-locale-4.0.3-runtime.jar: D8: Expected stack map table for method with non-linear control flow.
2026-03-01T10:25:13.9440965Z WARNING:/home/runner/.gradle/caches/transforms-3/4d34d83f7256f3d494a29ddea6885868/transformed/jetified-android-plugin-client-sdk-for-locale-4.0.3-runtime.jar: D8: Expected stack map table for method with non-linear control flow.
2026-03-01T10:25:13.9447260Z WARNING:/home/runner/.gradle/caches/transforms-3/4d34d83f7256f3d494a29ddea6885868/transformed/jetified-android-plugin-client-sdk-for-locale-4.0.3-runtime.jar: D8: Expected stack map table for method with non-linear control flow.
2026-03-01T10:25:13.9450744Z WARNING:/home/runner/.gradle/caches/transforms-3/4d34d83f7256f3d494a29ddea6885868/transformed/jetified-android-plugin-client-sdk-for-locale-4.0.3-runtime.jar: D8: Expected stack map table for method with non-linear control flow.
2026-03-01T10:25:13.9454283Z WARNING:/home/runner/.gradle/caches/transforms-3/4d34d83f7256f3d494a29ddea6885868/transformed/jetified-android-plugin-client-sdk-for-locale-4.0.3-runtime.jar: D8: Expected stack map table for method with non-linear control flow.
2026-03-01T10:25:13.9463000Z WARNING:/home/runner/.gradle/caches/transforms-3/4d34d83f7256f3d494a29ddea6885868/transformed/jetified-android-plugin-client-sdk-for-locale-4.0.3-runtime.jar: D8: Expected stack map table for method with non-linear control flow.
2026-03-01T10:25:18.5396322Z 
2026-03-01T10:25:18.5420772Z > Task :app:compileCoolapkReleaseSources
2026-03-01T10:25:20.5408770Z Could not load custom lint check jar file /home/runner/.gradle/caches/transforms-3/0d10bb6f1d9470e03feb5025d7978c68/transformed/work-runtime-2.8.1/jars/lint.jar
2026-03-01T10:25:20.5413813Z java.lang.NoClassDefFoundError: com/android/tools/lint/client/api/Vendor
2026-03-01T10:25:20.5415251Z 	at androidx.work.lint.WorkManagerIssueRegistry.<init>(WorkManagerIssueRegistry.kt:40)
2026-03-01T10:25:20.5416262Z 
2026-03-01T10:25:20.5417093Z 	at java.base/jdk.internal.reflect.NativeConstructorAccessorImpl.newInstance0(Native Method)
2026-03-01T10:25:20.5418218Z > Task :app:lintVitalCoolapkRelease
2026-03-01T10:25:20.5419631Z 	at java.base/jdk.internal.reflect.NativeConstructorAccessorImpl.newInstance(NativeConstructorAccessorImpl.java:77)
2026-03-01T10:25:20.5421880Z 	at java.base/jdk.internal.reflect.DelegatingConstructorAccessorImpl.newInstance(DelegatingConstructorAccessorImpl.java:45)
2026-03-01T10:25:20.5424076Z 	at java.base/java.lang.reflect.Constructor.newInstanceWithCaller(Constructor.java:500)
2026-03-01T10:25:20.5425461Z 	at java.base/java.lang.reflect.ReflectAccess.newInstance(ReflectAccess.java:128)
2026-03-01T10:25:20.5426873Z 	at java.base/jdk.internal.reflect.ReflectionFactory.newInstance(ReflectionFactory.java:347)
2026-03-01T10:25:20.5428427Z 	at java.base/java.lang.Class.newInstance(Class.java:647)
2026-03-01T10:25:20.5429994Z 	at com.android.tools.lint.client.api.JarFileIssueRegistry$Factory.loadIssueRegistry(JarFileIssueRegistry.kt:200)
2026-03-01T10:25:20.5431735Z 	at com.android.tools.lint.client.api.JarFileIssueRegistry$Factory.get(JarFileIssueRegistry.kt:152)
2026-03-01T10:25:20.5433325Z 	at com.android.tools.lint.client.api.JarFileIssueRegistry$Factory.get(JarFileIssueRegistry.kt:116)
2026-03-01T10:25:20.5434797Z 	at com.android.tools.lint.client.api.LintDriver.registerCustomDetectors(LintDriver.kt:473)
2026-03-01T10:25:20.5436073Z 	at com.android.tools.lint.client.api.LintDriver.analyze(LintDriver.kt:393)
2026-03-01T10:25:20.5437251Z 	at com.android.tools.lint.LintCliClient.run(LintCliClient.kt:222)
2026-03-01T10:25:20.5438341Z 	at com.android.tools.lint.LintCliClient.run(LintCliClient.kt:203)
2026-03-01T10:25:20.5439474Z 	at com.android.tools.lint.gradle.LintGradleClient.run(LintGradleClient.kt:229)
2026-03-01T10:25:20.5441007Z 	at com.android.tools.lint.gradle.LintGradleExecution.runLint(LintGradleExecution.kt:285)
2026-03-01T10:25:20.5442588Z 	at com.android.tools.lint.gradle.LintGradleExecution.lintSingleVariant(LintGradleExecution.kt:301)
2026-03-01T10:25:20.5444145Z 	at com.android.tools.lint.gradle.LintGradleExecution.analyze(LintGradleExecution.kt:68)
2026-03-01T10:25:20.5445450Z 	at java.base/jdk.internal.reflect.NativeMethodAccessorImpl.invoke0(Native Method)
2026-03-01T10:25:20.5448657Z 	at java.base/jdk.internal.reflect.NativeMethodAccessorImpl.invoke(NativeMethodAccessorImpl.java:77)
2026-03-01T10:25:20.5450403Z 	at java.base/jdk.internal.reflect.DelegatingMethodAccessorImpl.invoke(DelegatingMethodAccessorImpl.java:43)
2026-03-01T10:25:20.5451588Z 	at java.base/java.lang.reflect.Method.invoke(Method.java:569)
2026-03-01T10:25:20.5452683Z 	at com.android.tools.lint.gradle.api.ReflectiveLintRunner.runLint(ReflectiveLintRunner.kt:37)
2026-03-01T10:25:20.5453909Z 	at com.android.build.gradle.tasks.LintBaseTask.runLint(LintBaseTask.java:133)
2026-03-01T10:25:20.5455151Z 	at com.android.build.gradle.tasks.LintPerVariantTask.doTaskAction(LintPerVariantTask.java:52)
2026-03-01T10:25:20.5457012Z 	at com.android.build.gradle.internal.tasks.NonIncrementalGlobalTask$taskAction$$inlined$recordTaskAction$1.invoke(BaseTask.kt:63)
2026-03-01T10:25:20.5458455Z 	at com.android.build.gradle.internal.tasks.Blocks.recordSpan(Blocks.java:51)
2026-03-01T10:25:20.5460055Z 	at com.android.build.gradle.internal.tasks.NonIncrementalGlobalTask.taskAction(NonIncrementalTask.kt:90)
2026-03-01T10:25:20.5461444Z 	at java.base/jdk.internal.reflect.NativeMethodAccessorImpl.invoke0(Native Method)
2026-03-01T10:25:20.5462829Z 	at java.base/jdk.internal.reflect.NativeMethodAccessorImpl.invoke(NativeMethodAccessorImpl.java:77)
2026-03-01T10:25:20.5464397Z 	at java.base/jdk.internal.reflect.DelegatingMethodAccessorImpl.invoke(DelegatingMethodAccessorImpl.java:43)
2026-03-01T10:25:20.5465743Z 	at java.base/java.lang.reflect.Method.invoke(Method.java:569)
2026-03-01T10:25:20.5466736Z 	at org.gradle.internal.reflect.JavaMethod.invoke(JavaMethod.java:125)
2026-03-01T10:25:20.5468068Z 	at org.gradle.api.internal.project.taskfactory.StandardTaskAction.doExecute(StandardTaskAction.java:58)
2026-03-01T10:25:20.5469656Z 	at org.gradle.api.internal.project.taskfactory.StandardTaskAction.execute(StandardTaskAction.java:51)
2026-03-01T10:25:20.5471343Z 	at org.gradle.api.internal.project.taskfactory.StandardTaskAction.execute(StandardTaskAction.java:29)
2026-03-01T10:25:20.5472714Z 	at org.gradle.api.internal.tasks.execution.TaskExecution$3.run(TaskExecution.java:236)
2026-03-01T10:25:20.5474386Z 	at org.gradle.internal.operations.DefaultBuildOperationRunner$1.execute(DefaultBuildOperationRunner.java:29)
2026-03-01T10:25:20.5476023Z 	at org.gradle.internal.operations.DefaultBuildOperationRunner$1.execute(DefaultBuildOperationRunner.java:26)
2026-03-01T10:25:20.5477647Z 	at org.gradle.internal.operations.DefaultBuildOperationRunner$2.execute(DefaultBuildOperationRunner.java:66)
2026-03-01T10:25:20.5479406Z 	at org.gradle.internal.operations.DefaultBuildOperationRunner$2.execute(DefaultBuildOperationRunner.java:59)
2026-03-01T10:25:20.5481228Z 	at org.gradle.internal.operations.DefaultBuildOperationRunner.execute(DefaultBuildOperationRunner.java:157)
2026-03-01T10:25:20.5482880Z 	at org.gradle.internal.operations.DefaultBuildOperationRunner.execute(DefaultBuildOperationRunner.java:59)
2026-03-01T10:25:20.5484468Z 	at org.gradle.internal.operations.DefaultBuildOperationRunner.run(DefaultBuildOperationRunner.java:47)
2026-03-01T10:25:20.5486063Z 	at org.gradle.internal.operations.DefaultBuildOperationExecutor.run(DefaultBuildOperationExecutor.java:68)
2026-03-01T10:25:20.5487580Z 	at org.gradle.api.internal.tasks.execution.TaskExecution.executeAction(TaskExecution.java:221)
2026-03-01T10:25:20.5488985Z 	at org.gradle.api.internal.tasks.execution.TaskExecution.executeActions(TaskExecution.java:204)
2026-03-01T10:25:20.5490753Z 	at org.gradle.api.internal.tasks.execution.TaskExecution.executeWithPreviousOutputFiles(TaskExecution.java:187)
2026-03-01T10:25:20.5492249Z 	at org.gradle.api.internal.tasks.execution.TaskExecution.execute(TaskExecution.java:165)
2026-03-01T10:25:20.5493549Z 	at org.gradle.internal.execution.steps.ExecuteStep.executeInternal(ExecuteStep.java:89)
2026-03-01T10:25:20.5494979Z 	at org.gradle.internal.execution.steps.ExecuteStep.access$000(ExecuteStep.java:40)
2026-03-01T10:25:20.5496141Z 	at org.gradle.internal.execution.steps.ExecuteStep$1.call(ExecuteStep.java:53)
2026-03-01T10:25:20.5497252Z 	at org.gradle.internal.execution.steps.ExecuteStep$1.call(ExecuteStep.java:50)
2026-03-01T10:25:20.5498932Z 	at org.gradle.internal.operations.DefaultBuildOperationRunner$CallableBuildOperationWorker.execute(DefaultBuildOperationRunner.java:204)
2026-03-01T10:25:20.5501293Z 	at org.gradle.internal.operations.DefaultBuildOperationRunner$CallableBuildOperationWorker.execute(DefaultBuildOperationRunner.java:199)
2026-03-01T10:25:20.5503182Z 	at org.gradle.internal.operations.DefaultBuildOperationRunner$2.execute(DefaultBuildOperationRunner.java:66)
2026-03-01T10:25:20.5505143Z 	at org.gradle.internal.operations.DefaultBuildOperationRunner$2.execute(DefaultBuildOperationRunner.java:59)
2026-03-01T10:25:20.5506999Z 	at org.gradle.internal.operations.DefaultBuildOperationRunner.execute(DefaultBuildOperationRunner.java:157)
2026-03-01T10:25:20.5508670Z 	at org.gradle.internal.operations.DefaultBuildOperationRunner.execute(DefaultBuildOperationRunner.java:59)
2026-03-01T10:25:20.5510420Z 	at org.gradle.internal.operations.DefaultBuildOperationRunner.call(DefaultBuildOperationRunner.java:53)
2026-03-01T10:25:20.5512052Z 	at org.gradle.internal.operations.DefaultBuildOperationExecutor.call(DefaultBuildOperationExecutor.java:73)
2026-03-01T10:25:20.5513422Z 	at org.gradle.internal.execution.steps.ExecuteStep.execute(ExecuteStep.java:50)
2026-03-01T10:25:20.5514572Z 	at org.gradle.internal.execution.steps.ExecuteStep.execute(ExecuteStep.java:40)
2026-03-01T10:25:20.5516002Z 	at org.gradle.internal.execution.steps.RemovePreviousOutputsStep.execute(RemovePreviousOutputsStep.java:68)
2026-03-01T10:25:20.5517671Z 	at org.gradle.internal.execution.steps.RemovePreviousOutputsStep.execute(RemovePreviousOutputsStep.java:38)
2026-03-01T10:25:20.5519235Z 	at org.gradle.internal.execution.steps.CancelExecutionStep.execute(CancelExecutionStep.java:41)
2026-03-01T10:25:20.5520804Z 	at org.gradle.internal.execution.steps.TimeoutStep.executeWithoutTimeout(TimeoutStep.java:74)
2026-03-01T10:25:20.5522082Z 	at org.gradle.internal.execution.steps.TimeoutStep.execute(TimeoutStep.java:55)
2026-03-01T10:25:20.5523563Z 	at org.gradle.internal.execution.steps.CreateOutputsStep.execute(CreateOutputsStep.java:51)
2026-03-01T10:25:20.5524921Z 	at org.gradle.internal.execution.steps.CreateOutputsStep.execute(CreateOutputsStep.java:29)
2026-03-01T10:25:20.5526851Z 	at org.gradle.internal.execution.steps.CaptureStateAfterExecutionStep.executeDelegateBroadcastingChanges(CaptureStateAfterExecutionStep.java:124)
2026-03-01T10:25:20.5529106Z 	at org.gradle.internal.execution.steps.CaptureStateAfterExecutionStep.execute(CaptureStateAfterExecutionStep.java:80)
2026-03-01T10:25:20.5531050Z 	at org.gradle.internal.execution.steps.CaptureStateAfterExecutionStep.execute(CaptureStateAfterExecutionStep.java:58)
2026-03-01T10:25:20.5532686Z 	at org.gradle.internal.execution.steps.ResolveInputChangesStep.execute(ResolveInputChangesStep.java:48)
2026-03-01T10:25:20.5534235Z 	at org.gradle.internal.execution.steps.ResolveInputChangesStep.execute(ResolveInputChangesStep.java:36)
2026-03-01T10:25:20.5535718Z 	at org.gradle.internal.execution.steps.BuildCacheStep.executeWithoutCache(BuildCacheStep.java:181)
2026-03-01T10:25:20.5537218Z 	at org.gradle.internal.execution.steps.BuildCacheStep.lambda$execute$1(BuildCacheStep.java:71)
2026-03-01T10:25:20.5538270Z 	at org.gradle.internal.Either$Right.fold(Either.java:175)
2026-03-01T10:25:20.5539219Z 	at org.gradle.internal.execution.caching.CachingState.fold(CachingState.java:59)
2026-03-01T10:25:20.5540641Z 	at org.gradle.internal.execution.steps.BuildCacheStep.execute(BuildCacheStep.java:69)
2026-03-01T10:25:20.5541885Z 	at org.gradle.internal.execution.steps.BuildCacheStep.execute(BuildCacheStep.java:47)
2026-03-01T10:25:20.5543290Z 	at org.gradle.internal.execution.steps.StoreExecutionStateStep.execute(StoreExecutionStateStep.java:36)
2026-03-01T10:25:20.5544845Z 	at org.gradle.internal.execution.steps.StoreExecutionStateStep.execute(StoreExecutionStateStep.java:25)
2026-03-01T10:25:20.5546282Z 	at org.gradle.internal.execution.steps.RecordOutputsStep.execute(RecordOutputsStep.java:36)
2026-03-01T10:25:20.5547676Z 	at org.gradle.internal.execution.steps.RecordOutputsStep.execute(RecordOutputsStep.java:22)
2026-03-01T10:25:20.5549121Z 	at org.gradle.internal.execution.steps.SkipUpToDateStep.executeBecause(SkipUpToDateStep.java:110)
2026-03-01T10:25:20.5550819Z 	at org.gradle.internal.execution.steps.SkipUpToDateStep.lambda$execute$2(SkipUpToDateStep.java:56)
2026-03-01T10:25:20.5551946Z 	at java.base/java.util.Optional.orElseGet(Optional.java:364)
2026-03-01T10:25:20.5553221Z 	at org.gradle.internal.execution.steps.SkipUpToDateStep.execute(SkipUpToDateStep.java:56)
2026-03-01T10:25:20.5554811Z 	at org.gradle.internal.execution.steps.SkipUpToDateStep.execute(SkipUpToDateStep.java:38)
2026-03-01T10:25:20.5556210Z 	at org.gradle.internal.execution.steps.ResolveChangesStep.execute(ResolveChangesStep.java:73)
2026-03-01T10:25:20.5557624Z 	at org.gradle.internal.execution.steps.ResolveChangesStep.execute(ResolveChangesStep.java:44)
2026-03-01T10:25:20.5559424Z 	at org.gradle.internal.execution.steps.legacy.MarkSnapshottingInputsFinishedStep.execute(MarkSnapshottingInputsFinishedStep.java:37)
2026-03-01T10:25:20.5561759Z 	at org.gradle.internal.execution.steps.legacy.MarkSnapshottingInputsFinishedStep.execute(MarkSnapshottingInputsFinishedStep.java:27)
2026-03-01T10:25:20.5563561Z 	at org.gradle.internal.execution.steps.ResolveCachingStateStep.execute(ResolveCachingStateStep.java:89)
2026-03-01T10:25:20.5565147Z 	at org.gradle.internal.execution.steps.ResolveCachingStateStep.execute(ResolveCachingStateStep.java:50)
2026-03-01T10:25:20.5566538Z 	at org.gradle.internal.execution.steps.ValidateStep.execute(ValidateStep.java:114)
2026-03-01T10:25:20.5567751Z 	at org.gradle.internal.execution.steps.ValidateStep.execute(ValidateStep.java:57)
2026-03-01T10:25:20.5569343Z 	at org.gradle.internal.execution.steps.CaptureStateBeforeExecutionStep.execute(CaptureStateBeforeExecutionStep.java:76)
2026-03-01T10:25:20.5571396Z 	at org.gradle.internal.execution.steps.CaptureStateBeforeExecutionStep.execute(CaptureStateBeforeExecutionStep.java:50)
2026-03-01T10:25:20.5573420Z 	at org.gradle.internal.execution.steps.SkipEmptyWorkStep.executeWithNoEmptySources(SkipEmptyWorkStep.java:254)
2026-03-01T10:25:20.5574950Z 	at org.gradle.internal.execution.steps.SkipEmptyWorkStep.execute(SkipEmptyWorkStep.java:91)
2026-03-01T10:25:20.5576310Z 	at org.gradle.internal.execution.steps.SkipEmptyWorkStep.execute(SkipEmptyWorkStep.java:56)
2026-03-01T10:25:20.5578120Z 	at org.gradle.internal.execution.steps.RemoveUntrackedExecutionStateStep.execute(RemoveUntrackedExecutionStateStep.java:32)
2026-03-01T10:25:20.5580232Z 	at org.gradle.internal.execution.steps.RemoveUntrackedExecutionStateStep.execute(RemoveUntrackedExecutionStateStep.java:21)
2026-03-01T10:25:20.5582242Z 	at org.gradle.internal.execution.steps.legacy.MarkSnapshottingInputsStartedStep.execute(MarkSnapshottingInputsStartedStep.java:38)
2026-03-01T10:25:20.5584202Z 	at org.gradle.internal.execution.steps.LoadPreviousExecutionStateStep.execute(LoadPreviousExecutionStateStep.java:43)
2026-03-01T10:25:20.5586043Z 	at org.gradle.internal.execution.steps.LoadPreviousExecutionStateStep.execute(LoadPreviousExecutionStateStep.java:31)
2026-03-01T10:25:20.5587736Z 	at org.gradle.internal.execution.steps.AssignWorkspaceStep.lambda$execute$0(AssignWorkspaceStep.java:40)
2026-03-01T10:25:20.5589204Z 	at org.gradle.api.internal.tasks.execution.TaskExecution$4.withWorkspace(TaskExecution.java:281)
2026-03-01T10:25:20.5590818Z 	at org.gradle.internal.execution.steps.AssignWorkspaceStep.execute(AssignWorkspaceStep.java:40)
2026-03-01T10:25:20.5592292Z 	at org.gradle.internal.execution.steps.AssignWorkspaceStep.execute(AssignWorkspaceStep.java:30)
2026-03-01T10:25:20.5593689Z 	at org.gradle.internal.execution.steps.IdentityCacheStep.execute(IdentityCacheStep.java:37)
2026-03-01T10:25:20.5595056Z 	at org.gradle.internal.execution.steps.IdentityCacheStep.execute(IdentityCacheStep.java:27)
2026-03-01T10:25:20.5596313Z 	at org.gradle.internal.execution.steps.IdentifyStep.execute(IdentifyStep.java:44)
2026-03-01T10:25:20.5597511Z 	at org.gradle.internal.execution.steps.IdentifyStep.execute(IdentifyStep.java:33)
2026-03-01T10:25:20.5598888Z 	at org.gradle.internal.execution.impl.DefaultExecutionEngine$1.execute(DefaultExecutionEngine.java:76)
2026-03-01T10:25:20.5600860Z 	at org.gradle.api.internal.tasks.execution.ExecuteActionsTaskExecuter.executeIfValid(ExecuteActionsTaskExecuter.java:139)
2026-03-01T10:25:20.5602705Z 	at org.gradle.api.internal.tasks.execution.ExecuteActionsTaskExecuter.execute(ExecuteActionsTaskExecuter.java:128)
2026-03-01T10:25:20.5604783Z 	at org.gradle.api.internal.tasks.execution.CleanupStaleOutputsExecuter.execute(CleanupStaleOutputsExecuter.java:77)
2026-03-01T10:25:20.5606645Z 	at org.gradle.api.internal.tasks.execution.FinalizePropertiesTaskExecuter.execute(FinalizePropertiesTaskExecuter.java:46)
2026-03-01T10:25:20.5608566Z 	at org.gradle.api.internal.tasks.execution.ResolveTaskExecutionModeExecuter.execute(ResolveTaskExecutionModeExecuter.java:51)
2026-03-01T10:25:20.5610687Z 	at org.gradle.api.internal.tasks.execution.SkipTaskWithNoActionsExecuter.execute(SkipTaskWithNoActionsExecuter.java:57)
2026-03-01T10:25:20.5612462Z 	at org.gradle.api.internal.tasks.execution.SkipOnlyIfTaskExecuter.execute(SkipOnlyIfTaskExecuter.java:56)
2026-03-01T10:25:20.5614145Z 	at org.gradle.api.internal.tasks.execution.CatchExceptionTaskExecuter.execute(CatchExceptionTaskExecuter.java:36)
2026-03-01T10:25:20.5615859Z 	at org.gradle.api.internal.tasks.execution.EventFiringTaskExecuter$1.executeTask(EventFiringTaskExecuter.java:77)
2026-03-01T10:25:20.5617460Z 	at org.gradle.api.internal.tasks.execution.EventFiringTaskExecuter$1.call(EventFiringTaskExecuter.java:55)
2026-03-01T10:25:20.5619002Z 	at org.gradle.api.internal.tasks.execution.EventFiringTaskExecuter$1.call(EventFiringTaskExecuter.java:52)
2026-03-01T10:25:20.5621076Z 	at org.gradle.internal.operations.DefaultBuildOperationRunner$CallableBuildOperationWorker.execute(DefaultBuildOperationRunner.java:204)
2026-03-01T10:25:20.5623429Z 	at org.gradle.internal.operations.DefaultBuildOperationRunner$CallableBuildOperationWorker.execute(DefaultBuildOperationRunner.java:199)
2026-03-01T10:25:20.5625259Z 	at org.gradle.internal.operations.DefaultBuildOperationRunner$2.execute(DefaultBuildOperationRunner.java:66)
2026-03-01T10:25:20.5626856Z 	at org.gradle.internal.operations.DefaultBuildOperationRunner$2.execute(DefaultBuildOperationRunner.java:59)
2026-03-01T10:25:20.5628579Z 	at org.gradle.internal.operations.DefaultBuildOperationRunner.execute(DefaultBuildOperationRunner.java:157)
2026-03-01T10:25:20.5630351Z 	at org.gradle.internal.operations.DefaultBuildOperationRunner.execute(DefaultBuildOperationRunner.java:59)
2026-03-01T10:25:20.5631917Z 	at org.gradle.internal.operations.DefaultBuildOperationRunner.call(DefaultBuildOperationRunner.java:53)
2026-03-01T10:25:20.5633492Z 	at org.gradle.internal.operations.DefaultBuildOperationExecutor.call(DefaultBuildOperationExecutor.java:73)
2026-03-01T10:25:20.5635083Z 	at org.gradle.api.internal.tasks.execution.EventFiringTaskExecuter.execute(EventFiringTaskExecuter.java:52)
2026-03-01T10:25:20.5636511Z 	at org.gradle.execution.plan.LocalTaskNodeExecutor.execute(LocalTaskNodeExecutor.java:69)
2026-03-01T10:25:20.5638195Z 	at org.gradle.execution.taskgraph.DefaultTaskExecutionGraph$InvokeNodeExecutorsAction.execute(DefaultTaskExecutionGraph.java:327)
2026-03-01T10:25:20.5640322Z 	at org.gradle.execution.taskgraph.DefaultTaskExecutionGraph$InvokeNodeExecutorsAction.execute(DefaultTaskExecutionGraph.java:314)
2026-03-01T10:25:20.5642412Z 	at org.gradle.execution.taskgraph.DefaultTaskExecutionGraph$BuildOperationAwareExecutionAction.execute(DefaultTaskExecutionGraph.java:307)
2026-03-01T10:25:20.5644565Z 	at org.gradle.execution.taskgraph.DefaultTaskExecutionGraph$BuildOperationAwareExecutionAction.execute(DefaultTaskExecutionGraph.java:293)
2026-03-01T10:25:20.5646376Z 	at org.gradle.execution.plan.DefaultPlanExecutor$ExecutorWorker.execute(DefaultPlanExecutor.java:417)
2026-03-01T10:25:20.5647849Z 	at org.gradle.execution.plan.DefaultPlanExecutor$ExecutorWorker.run(DefaultPlanExecutor.java:339)
2026-03-01T10:25:20.5649352Z 	at org.gradle.internal.concurrent.ExecutorPolicy$CatchAndRecordFailures.onExecute(ExecutorPolicy.java:64)
2026-03-01T10:25:20.5650940Z 	at org.gradle.internal.concurrent.ManagedExecutorImpl$1.run(ManagedExecutorImpl.java:48)
2026-03-01T10:25:20.5652277Z 	at java.base/java.util.concurrent.ThreadPoolExecutor.runWorker(ThreadPoolExecutor.java:1136)
2026-03-01T10:25:20.5653618Z 	at java.base/java.util.concurrent.ThreadPoolExecutor$Worker.run(ThreadPoolExecutor.java:635)
2026-03-01T10:25:20.5654758Z 	at java.base/java.lang.Thread.run(Thread.java:840)
2026-03-01T10:25:20.5655738Z Caused by: java.lang.ClassNotFoundException: com.android.tools.lint.client.api.Vendor
2026-03-01T10:25:20.5656869Z 	at com.intellij.util.lang.UrlClassLoader.findClass(UrlClassLoader.java:357)
2026-03-01T10:25:20.5657847Z 	at java.base/java.lang.ClassLoader.loadClass(ClassLoader.java:592)
2026-03-01T10:25:20.5658763Z 	at java.base/java.lang.ClassLoader.loadClass(ClassLoader.java:525)
2026-03-01T10:25:20.5659352Z 	... 150 more
2026-03-01T10:25:20.5662818Z e: /home/runner/.gradle/caches/modules-2/files-2.1/org.jetbrains.kotlinx/kotlinx-coroutines-android/1.6.1/4e61fcdcc508cbaa37c4a284a50205d7c7767e37/kotlinx-coroutines-android-1.6.1.jar!/META-INF/kotlinx-coroutines-android.kotlin_module: Module was compiled with an incompatible version of Kotlin. The binary version of its metadata is 1.6.0, expected version is 1.4.0.
2026-03-01T10:25:20.5667655Z e: /home/runner/.gradle/caches/transforms-3/0d10bb6f1d9470e03feb5025d7978c68/transformed/work-runtime-2.8.1/jars/classes.jar!/META-INF/work-runtime_release.kotlin_module: Module was compiled with an incompatible version of Kotlin. The binary version of its metadata is 1.7.1, expected version is 1.4.0.
2026-03-01T10:25:20.5672767Z e: /home/runner/.gradle/caches/modules-2/files-2.1/org.jetbrains.kotlinx/kotlinx-coroutines-core-jvm/1.6.1/97fd74ccf54a863d221956ffcd21835e168e2aaa/kotlinx-coroutines-core-jvm-1.6.1.jar!/META-INF/kotlinx-coroutines-core.kotlin_module: Module was compiled with an incompatible version of Kotlin. The binary version of its metadata is 1.6.0, expected version is 1.4.0.
2026-03-01T10:25:20.5678102Z e: /home/runner/.gradle/caches/modules-2/files-2.1/org.jetbrains.kotlin/kotlin-stdlib-jdk8/1.7.20/eac6656981d9d7156e838467d2d8d79093b1570/kotlin-stdlib-jdk8-1.7.20.jar!/META-INF/kotlin-stdlib-jdk8.kotlin_module: Module was compiled with an incompatible version of Kotlin. The binary version of its metadata is 1.7.1, expected version is 1.4.0.
2026-03-01T10:25:20.5683300Z e: /home/runner/.gradle/caches/modules-2/files-2.1/org.jetbrains.kotlin/kotlin-stdlib-jdk7/1.7.20/2a729aa8763306368e665e2b747abd1dfd29b9d5/kotlin-stdlib-jdk7-1.7.20.jar!/META-INF/kotlin-stdlib-jdk7.kotlin_module: Module was compiled with an incompatible version of Kotlin. The binary version of its metadata is 1.7.1, expected version is 1.4.0.
2026-03-01T10:25:20.5688011Z e: /home/runner/.gradle/caches/modules-2/files-2.1/org.jetbrains.kotlin/kotlin-stdlib/1.7.21/1a2eaf898a0dda83037034b10a42053cf8a7caf8/kotlin-stdlib-1.7.21.jar!/META-INF/kotlin-stdlib.kotlin_module: Module was compiled with an incompatible version of Kotlin. The binary version of its metadata is 1.7.1, expected version is 1.4.0.
2026-03-01T10:25:20.5692872Z e: /home/runner/.gradle/caches/modules-2/files-2.1/org.jetbrains.kotlin/kotlin-stdlib-common/1.7.21/cb02257de8e13e8498f8e2f69f742f2d438e794d/kotlin-stdlib-common-1.7.21.jar!/META-INF/kotlin-stdlib-common.kotlin_module: Module was compiled with an incompatible version of Kotlin. The binary version of its metadata is 1.7.1, expected version is 1.4.0.
2026-03-01T10:25:20.5697919Z e: /home/runner/.gradle/caches/modules-2/files-2.1/org.jetbrains.kotlin/kotlin-stdlib-jdk7/1.7.10/1ef73fee66f45d52c67e2aca12fd945dbe0659bf/kotlin-stdlib-jdk7-1.7.10.jar!/META-INF/kotlin-stdlib-jdk7.kotlin_module: Module was compiled with an incompatible version of Kotlin. The binary version of its metadata is 1.7.1, expected version is 1.4.0.
2026-03-01T10:25:20.5703063Z e: /home/runner/.gradle/caches/modules-2/files-2.1/org.jetbrains.kotlin/kotlin-stdlib-jdk8/1.7.10/d70d7d2c56371f7aa18f32e984e3e2e998fe9081/kotlin-stdlib-jdk8-1.7.10.jar!/META-INF/kotlin-stdlib-jdk8.kotlin_module: Module was compiled with an incompatible version of Kotlin. The binary version of its metadata is 1.7.1, expected version is 1.4.0.
2026-03-01T10:25:20.5707942Z e: /home/runner/.gradle/caches/modules-2/files-2.1/org.jetbrains.kotlin/kotlin-stdlib/1.7.10/d2abf9e77736acc4450dc4a3f707fa2c10f5099d/kotlin-stdlib-1.7.10.jar!/META-INF/kotlin-stdlib.kotlin_module: Module was compiled with an incompatible version of Kotlin. The binary version of its metadata is 1.7.1, expected version is 1.4.0.
2026-03-01T10:25:20.5713236Z e: /home/runner/.gradle/caches/modules-2/files-2.1/org.jetbrains.kotlin/kotlin-stdlib-common/1.7.10/bac80c520d0a9e3f3673bc2658c6ed02ef45a76a/kotlin-stdlib-common-1.7.10.jar!/META-INF/kotlin-stdlib-common.kotlin_module: Module was compiled with an incompatible version of Kotlin. The binary version of its metadata is 1.7.1, expected version is 1.4.0.
2026-03-01T10:25:20.5717558Z e: /home/runner/work/Auto.js.HYB1996/Auto.js.HYB1996/automator/build/tmp/kotlin-classes/debug/META-INF/automator_debug.kotlin_module: Module was compiled with an incompatible version of Kotlin. The binary version of its metadata is 1.7.1, expected version is 1.4.0.
2026-03-01T10:25:20.5721325Z e: /home/runner/work/Auto.js.HYB1996/Auto.js.HYB1996/autojs/build/tmp/kotlin-classes/debug/META-INF/autojs_debug.kotlin_module: Module was compiled with an incompatible version of Kotlin. The binary version of its metadata is 1.7.1, expected version is 1.4.0.
2026-03-01T10:25:20.5725034Z e: /home/runner/work/Auto.js.HYB1996/Auto.js.HYB1996/common/build/tmp/kotlin-classes/debug/META-INF/common_debug.kotlin_module: Module was compiled with an incompatible version of Kotlin. The binary version of its metadata is 1.7.1, expected version is 1.4.0.
2026-03-01T10:25:20.5729285Z e: /home/runner/.gradle/caches/transforms-3/093d54d29099e892f879d0d18f805e4e/transformed/jetified-core-ktx-1.8.0/jars/classes.jar!/META-INF/core-ktx_release.kotlin_module: Module was compiled with an incompatible version of Kotlin. The binary version of its metadata is 1.6.0, expected version is 1.4.0.
2026-03-01T10:25:20.5733823Z e: /home/runner/work/Auto.js.HYB1996/Auto.js.HYB1996/apkbuilder/build/tmp/kotlin-classes/debug/META-INF/apkbuilder_debug.kotlin_module: Module was compiled with an incompatible version of Kotlin. The binary version of its metadata is 1.7.1, expected version is 1.4.0.
2026-03-01T10:25:27.7410768Z 
2026-03-01T10:25:27.7411444Z > Task :app:mergeCoolapkReleaseJavaResource
2026-03-01T10:25:27.9397719Z > Task :app:multiDexListCoolapkRelease
2026-03-01T10:25:28.3403722Z > Task :app:dexBuilderCoolapkRelease
2026-03-01T10:25:28.5396024Z > Task :inrt:compileReleaseJavaWithJavac
2026-03-01T10:25:28.5397093Z > Task :inrt:compileReleaseSources
2026-03-01T10:25:28.6403878Z > Task :app:packageCommonRelease
2026-03-01T10:25:28.6406128Z > Task :app:assembleCommonRelease
2026-03-01T10:25:30.6400769Z e: /home/runner/.gradle/caches/modules-2/files-2.1/org.jetbrains.kotlin/kotlin-stdlib-jdk8/1.7.10/d70d7d2c56371f7aa18f32e984e3e2e998fe9081/kotlin-stdlib-jdk8-1.7.10.jar!/META-INF/kotlin-stdlib-jdk8.kotlin_module: Module was compiled with an incompatible version of Kotlin. The binary version of its metadata is 1.7.1, expected version is 1.4.0.
2026-03-01T10:25:30.6405436Z e: /home/runner/.gradle/caches/modules-2/files-2.1/org.jetbrains.kotlin/kotlin-stdlib/1.7.10/d2abf9e77736acc4450dc4a3f707fa2c10f5099d/kotlin-stdlib-1.7.10.jar!/META-INF/kotlin-stdlib.kotlin_module: Module was compiled with an incompatible version of Kotlin. The binary version of its metadata is 1.7.1, expected version is 1.4.0.
2026-03-01T10:25:30.6410304Z e: /home/runner/.gradle/caches/modules-2/files-2.1/org.jetbrains.kotlin/kotlin-stdlib-jdk7/1.7.10/1ef73fee66f45d52c67e2aca12fd945dbe0659bf/kotlin-stdlib-jdk7-1.7.10.jar!/META-INF/kotlin-stdlib-jdk7.kotlin_module: Module was compiled with an incompatible version of Kotlin. The binary version of its metadata is 1.7.1, expected version is 1.4.0.
2026-03-01T10:25:30.6415193Z e: /home/runner/.gradle/caches/modules-2/files-2.1/org.jetbrains.kotlin/kotlin-stdlib-common/1.7.10/bac80c520d0a9e3f3673bc2658c6ed02ef45a76a/kotlin-stdlib-common-1.7.10.jar!/META-INF/kotlin-stdlib-common.kotlin_module: Module was compiled with an incompatible version of Kotlin. The binary version of its metadata is 1.7.1, expected version is 1.4.0.
2026-03-01T10:25:30.6419353Z e: /home/runner/work/Auto.js.HYB1996/Auto.js.HYB1996/automator/build/tmp/kotlin-classes/release/META-INF/automator_release.kotlin_module: Module was compiled with an incompatible version of Kotlin. The binary version of its metadata is 1.7.1, expected version is 1.4.0.
2026-03-01T10:25:30.6443775Z e: /home/runner/work/Auto.js.HYB1996/Auto.js.HYB1996/autojs/build/tmp/kotlin-classes/release/META-INF/autojs_release.kotlin_module: Module was compiled with an incompatible version of Kotlin. The binary version of its metadata is 1.7.1, expected version is 1.4.0.
2026-03-01T10:25:30.6447458Z e: /home/runner/work/Auto.js.HYB1996/Auto.js.HYB1996/common/build/tmp/kotlin-classes/release/META-INF/common_release.kotlin_module: Module was compiled with an incompatible version of Kotlin. The binary version of its metadata is 1.7.1, expected version is 1.4.0.
2026-03-01T10:25:30.6449114Z 
2026-03-01T10:25:30.6449355Z > Task :inrt:lintVitalRelease
2026-03-01T10:25:31.2395006Z 
2026-03-01T10:25:31.2396109Z > Task :app:mergeDexCoolapkRelease
2026-03-01T10:25:33.2411140Z > Task :inrt:dexBuilderRelease
2026-03-01T10:25:33.7395678Z > Task :inrt:mergeReleaseJavaResource
2026-03-01T10:25:34.6395774Z > Task :app:packageCoolapkRelease
2026-03-01T10:25:34.6396539Z > Task :app:assembleCoolapkRelease
2026-03-01T10:25:34.6397412Z > Task :app:assembleRelease
2026-03-01T10:25:34.6398098Z > Task :inrt:multiDexListRelease
2026-03-01T10:25:40.8402107Z > Task :inrt:mergeDexRelease
2026-03-01T10:25:41.6305128Z > Task :inrt:packageRelease
2026-03-01T10:25:41.6307518Z > Task :inrt:assembleRelease
2026-03-01T10:25:41.6313007Z 
2026-03-01T10:25:41.6319295Z > Task :inrt:buildApkPlugin
2026-03-01T10:25:41.6320082Z pluginProjectDir not exists
2026-03-01T10:25:41.6321261Z gradle/actions: Writing build results to /home/runner/work/_temp/.gradle-actions/build-results/__run_5-1772360638639.json
2026-03-01T10:25:41.6322319Z 
2026-03-01T10:25:41.6322979Z Deprecated Gradle features were used in this build, making it incompatible with Gradle 8.0.
2026-03-01T10:25:41.6323962Z 
2026-03-01T10:25:41.6325001Z You can use '--warning-mode all' to show the individual deprecation warnings and determine if they come from your own scripts or plugins.
2026-03-01T10:25:41.6325934Z 
2026-03-01T10:25:41.6326845Z See https://docs.gradle.org/7.5/userguide/command_line_interface.html#sec:command_line_warnings
2026-03-01T10:25:41.6327497Z 
2026-03-01T10:25:41.6327727Z BUILD SUCCESSFUL in 1m 43s
2026-03-01T10:25:41.6328305Z 235 actionable tasks: 231 executed, 4 up-to-date
